Log file open, 01/30/16 20:40:18
LogInit:Display: Running engine for game: MyProject
LogInit: Version: 4.7.6-2513093+++depot+UE4-Releases+4.7
LogInit: API Version: 2455222
LogInit: Compiled (64-bit): Apr 15 2015 12:09:54
LogInit: Compiled with Visual C++: 18.00.21005.01
LogInit: Build Configuration: Development
LogInit: Branch Name: ++depot+UE4-Releases+4.7
LogInit: Command line:  /Temp/Autosaves/Game/gamejam/UEDPCGlobalGameJam2016 -game -PIEVIACONSOLE -ResX=1280 -ResY=720  -Multiprocess 
LogInit: Base directory: C:/Program Files/Epic Games/4.7/Engine/Binaries/Win64/
LogInit: Rocket: 1
[2016.01.31-01.40.18:359][  0]LogTaskGraph: Started task graph with 3 named threads and 6 total threads.
[2016.01.31-01.40.18:418][  0]LogOnline:Warning: No default platform service specified for OnlineSubsystem
[2016.01.31-01.40.18:434][  0]LogInit: Presizing for 0 objects not considered by GC, pre-allocating 0 bytes.
[2016.01.31-01.40.18:445][  0]LogInit: Object subsystem initialized
[2016.01.31-01.40.18:447][  0]LogConsoleResponse:Warning: Skipping Unknown console variable: 'TranslucentSortAxis = (X=0.000000,Y=-1.000000,Z=0.000000)'
[2016.01.31-01.40.18:447][  0]LogConsoleResponse:Warning:   Found in ini file 'C:/Users/Bond0102/Desktop/Jam2.0/MyProject/Saved/Config/Windows/Engine.ini', in section '[/Script/Engine.RendererSettings]'
[2016.01.31-01.40.18:448][  0]LogConsoleResponse:Warning: Skipping Unknown console variable: 'UIScaleRule = ShortestSide'
[2016.01.31-01.40.18:448][  0]LogConsoleResponse:Warning:   Found in ini file 'C:/Users/Bond0102/Desktop/Jam2.0/MyProject/Saved/Config/Windows/Engine.ini', in section '[/Script/Engine.RendererSettings]'
[2016.01.31-01.40.18:448][  0]LogConsoleResponse:Warning: Skipping Unknown console variable: 'UIScaleCurve = (EditorCurveData=(Keys=),ExternalCurve=None)'
[2016.01.31-01.40.18:448][  0]LogConsoleResponse:Warning:   Found in ini file 'C:/Users/Bond0102/Desktop/Jam2.0/MyProject/Saved/Config/Windows/Engine.ini', in section '[/Script/Engine.RendererSettings]'
[2016.01.31-01.40.18:448][  0]LogInit: Selected Device Profile: [Windows]
[2016.01.31-01.40.18:448][  0]LogInit: Applying CVar settings loaded from the selected device profile: [Windows]
[2016.01.31-01.40.18:455][  0]LogInit: Computer: WJ308-01
[2016.01.31-01.40.18:455][  0]LogInit: User: Bond0102
[2016.01.31-01.40.18:455][  0]LogInit: CPU Page size=4096, Cores=4
[2016.01.31-01.40.18:455][  0]LogInit: High frequency timer resolution =3.331180 MHz
[2016.01.31-01.40.18:455][  0]LogMemory: Memory total: Physical=8.0GB (8GB approx) Virtual=131072.0GB
[2016.01.31-01.40.18:455][  0]LogMemory: Platform Memory Stats for Windows
[2016.01.31-01.40.18:455][  0]LogMemory: Process Physical Memory: 46.46 MB used, 46.46 MB peak
[2016.01.31-01.40.18:455][  0]LogMemory: Process Virtual Memory: 26.64 MB used, 26.64 MB peak
[2016.01.31-01.40.18:455][  0]LogMemory: Physical Memory: 5479.07 MB used, 8159.13 MB total
[2016.01.31-01.40.18:455][  0]LogMemory: Virtual Memory: 293.96 MB used, 134217728.00 MB total
[2016.01.31-01.40.18:493][  0]LogD3D11RHI: Found D3D11 adapter 0: NVIDIA GeForce GTX 580 (Feature Level 11_0)
[2016.01.31-01.40.18:493][  0]LogD3D11RHI: Adapter has 1484MB of dedicated video memory, 0MB of dedicated system memory, and 2559MB of shared system memory, 2 output[s]
[2016.01.31-01.40.18:495][  0]LogD3D11RHI: Found D3D11 adapter 1: Microsoft Basic Render Driver (Feature Level 11_0)
[2016.01.31-01.40.18:495][  0]LogD3D11RHI: Adapter has 0MB of dedicated video memory, 0MB of dedicated system memory, and 256MB of shared system memory, 0 output[s]
[2016.01.31-01.40.18:495][  0]LogD3D11RHI: Chosen D3D11 Adapter Id = 0
[2016.01.31-01.40.18:499][  0]LogRHI: Texture pool is 1039 MB (70% of 1484 MB)
[2016.01.31-01.40.18:513][  0]LogD3D11RHI: Async texture creation enabled
[2016.01.31-01.40.18:587][  0]LogTextLocalizationManager: The requested culture ('en_US') has no localization data; parent culture's ('en') localization data will be used.
[2016.01.31-01.40.18:646][  0]LogTextLocalizationManager:Warning: Loading localization resources contain conflicting entries for (Namespace:UICommands, Key:Save_ToolTip):
Resource: (C:/Program Files/Epic Games/4.7/Engine/Content/Localization/Editor/en/Editor.locres) Hash: (-29098895) String: (Saves the current level to disk)
Resource: (C:/Program Files/Epic Games/4.7/Engine/Content/Localization/Engine/en/Engine.locres) Hash: (-1280300587) String: (Save selected data to vlog file)
[2016.01.31-01.40.18:646][  0]LogTextLocalizationManager:Warning: Loading localization resources contain conflicting entries for (Namespace:ContentBrowser, Key:ImportAssetToolTip):
Resource: (C:/Program Files/Epic Games/4.7/Engine/Content/Localization/Editor/en/Editor.locres) Hash: (-630476809) String: (Import to {0}...)
Resource: (C:/Program Files/Epic Games/4.7/Engine/Content/Localization/Editor/en/Editor.locres) Hash: (1271782899) String: (Imports an asset from file to this folder.)
[2016.01.31-01.40.18:729][  0]LogContentStreaming: Texture pool size is 1000.000000MB
[2016.01.31-01.40.20:981][  0]LogTargetPlatformManager:Display: Building Assets For Windows
[2016.01.31-01.40.21:530][  0]LogTargetPlatformManager:Display: Building Assets For Windows
[2016.01.31-01.40.21:597][  0]LogDerivedDataCache:Display: Max Cache Size: 512 MB
[2016.01.31-01.40.21:639][  0]LogDerivedDataCache: Loaded boot cache 0.04s 39MB C:/Users/Bond0102/AppData/Local/UnrealEngine/4.7/DerivedDataCache/Boot.ddc.
[2016.01.31-01.40.21:639][  0]LogDerivedDataCache:Display: Loaded Boot cache: C:/Users/Bond0102/AppData/Local/UnrealEngine/4.7/DerivedDataCache/Boot.ddc
[2016.01.31-01.40.21:639][  0]LogDerivedDataCache: FDerivedDataBackendGraph:  Pak pak cache file ../../../../../../Users/Bond0102/Desktop/Jam2.0/MyProject/DerivedDataCache/DDC.ddp not found, will not use a pak cache.
[2016.01.31-01.40.21:639][  0]LogDerivedDataCache: Unable to find inner node Pak for hierarchical cache Hierarchy.
[2016.01.31-01.40.21:754][  0]LogDerivedDataCache:Display: Pak cache opened for reading ../../../Engine/DerivedDataCache/Compressed.ddp.
[2016.01.31-01.40.21:766][  0]LogDerivedDataCache: Using Local data cache path C:/Users/Bond0102/AppData/Local/UnrealEngine/Common/DerivedDataCache: Writable
[2016.01.31-01.40.22:048][  0]LogMeshUtilities: No automatic mesh reduction module available
[2016.01.31-01.40.22:048][  0]LogMeshUtilities: No automatic mesh merging module available
[2016.01.31-01.40.22:355][  0]LogInit: WinSock: version 1.1 (2.2), MaxSocks=32767, MaxUdp=65467
[2016.01.31-01.40.22:788][  0]LogWindowsMoviePlayer: Unable to load movie: ../../../../../../Users/Bond0102/Desktop/Jam2.0/MyProject/Content/Movies/Default_Startup.mp4
[2016.01.31-01.40.22:965][  0]LogSourceControl: RunCommandInternalRaw: 'git version'
[2016.01.31-01.40.22:974][  0]LogSourceControl: RunCommandInternalRaw: ExecProcess ReturnCode=0 OutResults='git version 1.9.5.msysgit.1
'
[2016.01.31-01.40.22:974][  0]LogSourceControl: RunCommandInternalRaw: 'git version'
[2016.01.31-01.40.22:981][  0]LogSourceControl: RunCommandInternalRaw: ExecProcess ReturnCode=0 OutResults='git version 1.9.5.msysgit.1
'
[2016.01.31-01.40.22:981][  0]LogSourceControl: RunCommandInternalRaw: 'git version'
[2016.01.31-01.40.22:989][  0]LogSourceControl: RunCommandInternalRaw: ExecProcess ReturnCode=0 OutResults='git version 1.9.5.msysgit.1
'
[2016.01.31-01.40.23:000][  0]LogSourceControl: RunCommandInternalRaw: 'git version'
[2016.01.31-01.40.23:008][  0]LogSourceControl: RunCommandInternalRaw: ExecProcess ReturnCode=0 OutResults='git version 1.9.5.msysgit.1
'
[2016.01.31-01.40.23:112][  0]LogObj: 23971 objects as part of root set at end of initial load.
[2016.01.31-01.40.23:112][  0]LogUObjectAllocator: 4988928 out of 0 bytes used by permanent object pool.
[2016.01.31-01.40.23:192][  0]LogAutomationTest:Warning: ERR: Transient text cannot be serialized "Testing Transient serialization detection".
[2016.01.31-01.40.23:193][  0]LogEngine: Initializing Engine...
[2016.01.31-01.40.26:423][  0]LogInit: XAudio2 using 'Speakers (Realtek High Definition Audio)' : 2 channels at 48 kHz using 32 bits per sample (channel mask 0x3)
[2016.01.31-01.40.26:430][  0]LogInit: FAudioDevice initialized.
[2016.01.31-01.40.26:435][  0]LogInit: Texture streaming: Enabled
[2016.01.31-01.40.26:517][  0]LogAnalytics: Creating configured Analytics provider AnalyticsET
[2016.01.31-01.40.26:517][  0]LogAnalytics: ET APIKey = Rocket.Release. APIServer = http://et2.epicgames.com/ET2/. AppVersion = 4.7.6-2513093+++depot+UE4-Releases+4.7
[2016.01.31-01.40.26:517][  0]LogAnalytics: ET APIKey = Rocket.Release. DataRouterUploadURL = https://datarouter-public-service-gamedev.ol.epicgames.net/datarouter/api/v1/public/data. AppVersion = 4.7.6-2513093+++depot+UE4-Releases+4.7
[2016.01.31-01.40.26:517][  0]LogAnalytics: SetUserId 722b65dd49885bf975768f8ae4182d96|06dbf94186e4442b86a38068dd8e39b3|39473877-d930-4bb9-a12d-2ee099ceb38d
[2016.01.31-01.40.26:517][  0]LogAnalytics: AnalyticsET::StartSession [Rocket.Release]
[2016.01.31-01.40.26:546][  0]LogNet: Browse: /Temp/Autosaves/Game/gamejam/UEDPCGlobalGameJam2016?Name=Player
[2016.01.31-01.40.26:546][  0]LogLoad: LoadMap: /Temp/Autosaves/Game/gamejam/UEDPCGlobalGameJam2016?Name=Player
[2016.01.31-01.40.26:556][  0]LogMemory: Platform Memory Stats for Windows
[2016.01.31-01.40.26:556][  0]LogMemory: Process Physical Memory: 265.45 MB used, 286.82 MB peak
[2016.01.31-01.40.26:556][  0]LogMemory: Process Virtual Memory: 252.66 MB used, 279.16 MB peak
[2016.01.31-01.40.26:556][  0]LogMemory: Physical Memory: 5655.77 MB used, 8159.13 MB total
[2016.01.31-01.40.26:556][  0]LogMemory: Virtual Memory: 696.33 MB used, 134217728.00 MB total
[2016.01.31-01.40.26:556][  0]LogMemory: 
[2016.01.31-01.40.26:556][  0]Allocator Stats for TBB: (not implemented)
[2016.01.31-01.40.27:075][  0]LogLinker:Warning: Asset '../../../Engine/Content/EngineMeshes/Humanoid.uasset' has been saved with empty engine version. The asset will be loaded but may be incompatible.
[2016.01.31-01.40.27:220][  0]LogWorld: Game class is 'ThirdPersonGameMode_C'
[2016.01.31-01.40.27:308][  0]LogAIModule: Creating AISystem for world GlobalGameJam2016
[2016.01.31-01.40.27:337][  0]LogWorld: Bringing World /Temp/Autosaves/Game/gamejam/UEDPCGlobalGameJam2016.GlobalGameJam2016 up for play (max tick rate 0) at 2016.01.30-20.40.27
[2016.01.31-01.40.27:338][  0]LogWorld: Bringing up level for play took: 0.030077
[2016.01.31-01.40.27:344][  0]LogInit:Display: Game Engine Initialized.
[2016.01.31-01.40.27:588][  0]LogLoad: Full Startup: 11.07 seconds (BP compile: 0.21 seconds)
[2016.01.31-01.40.27:759][  2]LogRenderer:Warning: Reallocating scene render targets to support 1280x720 (Frame:2).
[2016.01.31-01.40.33:511][339]LogPackageName: SearchForPackageOnDisk took   0.180s to resolve SpookTown.umap
[2016.01.31-01.40.33:681][339]LogPackageName: SearchForPackageOnDisk took   0.168s to resolve SpookTown.umap
[2016.01.31-01.40.33:681][339]LogNet: Browse: /Game/gamejam/SpookTown
[2016.01.31-01.40.33:681][339]LogLoad: LoadMap: /Game/gamejam/SpookTown
[2016.01.31-01.40.33:705][339]LogParticles: Destroying 0 GPU particle simulations for FXSystem 0x0000005E547423E0
[2016.01.31-01.40.33:723][339]LogMemory: Platform Memory Stats for Windows
[2016.01.31-01.40.33:723][339]LogMemory: Process Physical Memory: 343.51 MB used, 344.34 MB peak
[2016.01.31-01.40.33:723][339]LogMemory: Process Virtual Memory: 526.37 MB used, 528.23 MB peak
[2016.01.31-01.40.33:723][339]LogMemory: Physical Memory: 5719.03 MB used, 8159.13 MB total
[2016.01.31-01.40.33:723][339]LogMemory: Virtual Memory: 980.41 MB used, 134217728.00 MB total
[2016.01.31-01.40.33:723][339]LogMemory: 
[2016.01.31-01.40.33:723][339]Allocator Stats for TBB: (not implemented)
[2016.01.31-01.40.33:971][339]LogWorld: Game class is 'ThirdPersonGameMode_C'
[2016.01.31-01.40.33:973][339]LogAIModule: Creating AISystem for world SpookTown
[2016.01.31-01.40.34:011][339]LogMaterial:Warning: Material /Game/StarterContent/Props/Materials/M_Bush.M_Bush missing bUsedWithInstancedStaticMeshes=True! Default Material will be used in game.
[2016.01.31-01.40.34:011][339]LogMaterial:Warning:      The material will recompile every editor launch until resaved.
[2016.01.31-01.40.34:011][339]LogWorld: Bringing World /Game/gamejam/SpookTown.SpookTown up for play (max tick rate 0) at 2016.01.30-20.40.34
[2016.01.31-01.40.34:014][339]LogWorld: Bringing up level for play took: 0.040526
[2016.01.31-01.40.39:409][660]LogPackageName: SearchForPackageOnDisk took   0.161s to resolve GlobalGameJam2016.umap
[2016.01.31-01.40.39:487][660]LogPackageName: SearchForPackageOnDisk took   0.077s to resolve GlobalGameJam2016.umap
[2016.01.31-01.40.39:487][660]LogNet: Browse: /Game/gamejam/GlobalGameJam2016
[2016.01.31-01.40.39:487][660]LogLoad: LoadMap: /Game/gamejam/GlobalGameJam2016
[2016.01.31-01.40.39:502][660]LogParticles: Destroying 0 GPU particle simulations for FXSystem 0x0000005E58B06DE0
[2016.01.31-01.40.39:509][660]LogMemory: Platform Memory Stats for Windows
[2016.01.31-01.40.39:509][660]LogMemory: Process Physical Memory: 431.00 MB used, 531.73 MB peak
[2016.01.31-01.40.39:509][660]LogMemory: Process Virtual Memory: 628.54 MB used, 761.61 MB peak
[2016.01.31-01.40.39:509][660]LogMemory: Physical Memory: 5817.93 MB used, 8159.13 MB total
[2016.01.31-01.40.39:509][660]LogMemory: Virtual Memory: 1104.54 MB used, 134217728.00 MB total
[2016.01.31-01.40.39:509][660]LogMemory: 
[2016.01.31-01.40.39:509][660]Allocator Stats for TBB: (not implemented)
[2016.01.31-01.40.39:747][660]LogWorld: Game class is 'ThirdPersonGameMode_C'
[2016.01.31-01.40.39:794][660]LogAIModule: Creating AISystem for world GlobalGameJam2016
[2016.01.31-01.40.39:820][660]LogWorld: Bringing World /Game/gamejam/GlobalGameJam2016.GlobalGameJam2016 up for play (max tick rate 0) at 2016.01.30-20.40.39
[2016.01.31-01.40.39:821][660]LogWorld: Bringing up level for play took: 0.026247
[2016.01.31-01.40.39:821][660]LogGameMode: Warning - PATHS NOT DEFINED or NO PLAYERSTART with positive rating
[2016.01.31-01.40.48:420][192]Closing by request
[2016.01.31-01.40.48:420][192]LogWindows: FPlatformMisc::RequestExit(0)
[2016.01.31-01.40.48:488][193]LogExit: Preparing to exit.
[2016.01.31-01.40.48:565][193]LogExit: Game engine shut down
[2016.01.31-01.40.48:647][193]LogParticles: Destroying 0 GPU particle simulations for FXSystem 0x0000005E589ECE00
[2016.01.31-01.40.48:647][193]LogExit: Object subsystem successfully closed.
[2016.01.31-01.40.48:710][193]LogModuleManager: Shutting down and abandoning module AndroidDeviceDetection (106)
[2016.01.31-01.40.49:616][193]LogModuleManager: Shutting down and abandoning module AutomationWorker (105)
[2016.01.31-01.40.49:616][193]LogModuleManager: Shutting down and abandoning module CharacterAI (104)
[2016.01.31-01.40.49:616][193]LogModuleManager: Shutting down and abandoning module AITestSuite (103)
[2016.01.31-01.40.49:616][193]LogModuleManager: Shutting down and abandoning module GameplayDebugger (102)
[2016.01.31-01.40.49:616][193]LogModuleManager: Shutting down and abandoning module AIModule (101)
[2016.01.31-01.40.49:616][193]LogModuleManager: Shutting down and abandoning module GameLiveStreaming (100)
[2016.01.31-01.40.49:616][193]LogModuleManager: Shutting down and abandoning module StreamingPauseRendering (99)
[2016.01.31-01.40.49:616][193]LogModuleManager: Shutting down and abandoning module HTTP (98)
[2016.01.31-01.40.49:616][193]LogModuleManager: Shutting down and abandoning module AnalyticsET (97)
[2016.01.31-01.40.49:616][193]LogModuleManager: Shutting down and abandoning module Analytics (96)
[2016.01.31-01.40.49:616][193]LogModuleManager: Shutting down and abandoning module ProfilerService (95)
[2016.01.31-01.40.49:656][193]LogModuleManager: Shutting down and abandoning module TaskGraph (94)
[2016.01.31-01.40.49:656][193]LogModuleManager: Shutting down and abandoning module SlateRemote (93)
[2016.01.31-01.40.49:656][193]LogModuleManager: Shutting down and abandoning module CustomMeshComponent (92)
[2016.01.31-01.40.49:656][193]LogModuleManager: Shutting down and abandoning module CableComponent (91)
[2016.01.31-01.40.49:656][193]LogModuleManager: Shutting down and abandoning module DesktopPlatform (90)
[2016.01.31-01.40.49:656][193]LogModuleManager: Shutting down and abandoning module DirectoryWatcher (89)
[2016.01.31-01.40.49:656][193]LogModuleManager: Shutting down and abandoning module HotReload (88)
[2016.01.31-01.40.49:656][193]LogModuleManager: Shutting down and abandoning module VisualStudioSourceCodeAccess (87)
[2016.01.31-01.40.49:656][193]LogModuleManager: Shutting down and abandoning module UObjectPlugin (86)
[2016.01.31-01.40.49:656][193]LogModuleManager: Shutting down and abandoning module SubversionSourceControl (85)
[2016.01.31-01.40.49:656][193]LogModuleManager: Shutting down and abandoning module GitSourceControl (84)
[2016.01.31-01.40.49:656][193]LogModuleManager: Shutting down and abandoning module SourceControl (83)
[2016.01.31-01.40.49:656][193]LogModuleManager: Shutting down and abandoning module PerforceSourceControl (82)
[2016.01.31-01.40.49:656][193]LogModuleManager: Shutting down and abandoning module BlankPlugin (81)
[2016.01.31-01.40.49:656][193]LogModuleManager: Shutting down and abandoning module ScriptPlugin (80)
[2016.01.31-01.40.49:656][193]LogModuleManager: Shutting down and abandoning module UdpMessaging (79)
[2016.01.31-01.40.49:656][193]LogModuleManager: Shutting down and abandoning module Paper2D (78)
[2016.01.31-01.40.49:656][193]LogModuleManager: Shutting down and abandoning module WindowsMoviePlayer (77)
[2016.01.31-01.40.49:658][193]LogModuleManager: Shutting down and abandoning module Media (76)
[2016.01.31-01.40.49:658][193]LogModuleManager: Shutting down and abandoning module WmfMedia (75)
[2016.01.31-01.40.49:658][193]LogModuleManager: Shutting down and abandoning module OnlineBlueprintSupport (74)
[2016.01.31-01.40.49:658][193]LogModuleManager: Shutting down and abandoning module PropertyEditor (73)
[2016.01.31-01.40.49:658][193]LogModuleManager: Shutting down and abandoning module BehaviorTreeEditor (72)
[2016.01.31-01.40.49:658][193]LogModuleManager: Shutting down and abandoning module FunctionalTesting (71)
[2016.01.31-01.40.49:658][193]LogModuleManager: Shutting down and abandoning module CollisionAnalyzer (70)
[2016.01.31-01.40.49:658][193]LogModuleManager: Shutting down and abandoning module WorkspaceMenuStructure (69)
[2016.01.31-01.40.49:658][193]LogModuleManager: Shutting down and abandoning module MessageLog (68)
[2016.01.31-01.40.49:658][193]LogModuleManager: Shutting down and abandoning module Sequencer (67)
[2016.01.31-01.40.49:658][193]LogModuleManager: Shutting down and abandoning module AssetTools (66)
[2016.01.31-01.40.49:659][193]LogModuleManager: Shutting down and abandoning module UMGEditor (65)
[2016.01.31-01.40.49:659][193]LogModuleManager: Shutting down and abandoning module UMG (64)
[2016.01.31-01.40.49:659][193]LogModuleManager: Shutting down and abandoning module Slate (63)
[2016.01.31-01.40.49:659][193]LogModuleManager: Shutting down and abandoning module EditorStyle (62)
[2016.01.31-01.40.49:664][193]LogModuleManager: Shutting down and abandoning module SessionServices (61)
[2016.01.31-01.40.49:664][193]LogModuleManager: Shutting down and abandoning module SourceCodeAccess (60)
[2016.01.31-01.40.49:664][193]LogModuleManager: Shutting down and abandoning module HeadMountedDisplay (59)
[2016.01.31-01.40.49:664][193]LogModuleManager: Shutting down and abandoning module XAudio2 (58)
[2016.01.31-01.40.49:664][193]LogModuleManager: Shutting down and abandoning module Networking (56)
[2016.01.31-01.40.49:664][193]LogModuleManager: Shutting down and abandoning module Core (55)
[2016.01.31-01.40.49:664][193]LogModuleManager: Shutting down and abandoning module KismetCompiler (54)
[2016.01.31-01.40.49:664][193]LogModuleManager: Shutting down and abandoning module PhysXFormats (53)
[2016.01.31-01.40.49:664][193]LogModuleManager: Shutting down and abandoning module MeshUtilities (52)
[2016.01.31-01.40.49:664][193]LogModuleManager: Shutting down and abandoning module DerivedDataCache (51)
[2016.01.31-01.40.49:777][193]LogDerivedDataCache: Shutdown
[2016.01.31-01.40.49:777][193]LogModuleManager: Shutting down and abandoning module ShaderFormatOpenGL (50)
[2016.01.31-01.40.49:777][193]LogModuleManager: Shutting down and abandoning module ShaderFormatD3D (49)
[2016.01.31-01.40.49:777][193]LogModuleManager: Shutting down and abandoning module MetalShaderFormat (48)
[2016.01.31-01.40.49:777][193]LogModuleManager: Shutting down and abandoning module TextureFormatUncompressed (47)
[2016.01.31-01.40.49:777][193]LogModuleManager: Shutting down and abandoning module TextureFormatPVR (46)
[2016.01.31-01.40.49:777][193]LogModuleManager: Shutting down and abandoning module TextureFormatIntelISPCTexComp (45)
[2016.01.31-01.40.49:777][193]LogModuleManager: Shutting down and abandoning module TextureFormatDXT (44)
[2016.01.31-01.40.49:777][193]LogModuleManager: Shutting down and abandoning module ImageWrapper (43)
[2016.01.31-01.40.49:777][193]LogModuleManager: Shutting down and abandoning module TextureFormatASTC (42)
[2016.01.31-01.40.49:777][193]LogModuleManager: Shutting down and abandoning module TextureFormatAndroid (41)
[2016.01.31-01.40.49:777][193]LogModuleManager: Shutting down and abandoning module AudioFormatOpus (40)
[2016.01.31-01.40.49:777][193]LogModuleManager: Shutting down and abandoning module AudioFormatOgg (39)
[2016.01.31-01.40.49:777][193]LogModuleManager: Shutting down and abandoning module AudioFormatADPCM (38)
[2016.01.31-01.40.49:777][193]LogModuleManager: Shutting down and abandoning module LinuxTargetPlatform (37)
[2016.01.31-01.40.49:777][193]LogModuleManager: Shutting down and abandoning module LinuxServerTargetPlatform (36)
[2016.01.31-01.40.49:777][193]LogModuleManager: Shutting down and abandoning module LinuxNoEditorTargetPlatform (35)
[2016.01.31-01.40.49:777][193]LogModuleManager: Shutting down and abandoning module Messaging (34)
[2016.01.31-01.40.49:777][193]LogModuleManager: Shutting down and abandoning module IOSTargetPlatform (33)
[2016.01.31-01.40.49:777][193]LogModuleManager: Shutting down and abandoning module HTML5TargetPlatform (32)
[2016.01.31-01.40.49:777][193]LogModuleManager: Shutting down and abandoning module Android_PVRTCTargetPlatform (31)
[2016.01.31-01.40.49:777][193]LogModuleManager: Shutting down and abandoning module Android_ETC2TargetPlatform (30)
[2016.01.31-01.40.49:777][193]LogModuleManager: Shutting down and abandoning module Android_ETC1TargetPlatform (29)
[2016.01.31-01.40.49:777][193]LogModuleManager: Shutting down and abandoning module Android_ES31TargetPlatform (28)
[2016.01.31-01.40.49:777][193]LogModuleManager: Shutting down and abandoning module Android_DXTTargetPlatform (27)
[2016.01.31-01.40.49:777][193]LogModuleManager: Shutting down and abandoning module Android_ATCTargetPlatform (26)
[2016.01.31-01.40.49:777][193]LogModuleManager: Shutting down and abandoning module AndroidTargetPlatform (25)
[2016.01.31-01.40.49:777][193]LogModuleManager: Shutting down and abandoning module WindowsTargetPlatform (24)
[2016.01.31-01.40.49:777][193]LogModuleManager: Shutting down and abandoning module WindowsServerTargetPlatform (23)
[2016.01.31-01.40.49:777][193]LogModuleManager: Shutting down and abandoning module WindowsNoEditorTargetPlatform (22)
[2016.01.31-01.40.49:777][193]LogModuleManager: Shutting down and abandoning module WindowsClientTargetPlatform (21)
[2016.01.31-01.40.49:777][193]LogModuleManager: Shutting down and abandoning module TargetPlatform (20)
[2016.01.31-01.40.49:777][193]LogModuleManager: Shutting down and abandoning module InputCore (19)
[2016.01.31-01.40.49:777][193]LogModuleManager: Shutting down and abandoning module Settings (18)
[2016.01.31-01.40.49:777][193]LogModuleManager: Shutting down and abandoning module OnlineSubsystem (16)
[2016.01.31-01.40.49:777][193]LogModuleManager: Shutting down and abandoning module OculusRift (15)
[2016.01.31-01.40.49:777][193]LogModuleManager: Shutting down and abandoning module ExampleDeviceProfileSelector (14)
[2016.01.31-01.40.49:777][193]LogModuleManager: Shutting down and abandoning module TextureCompressor (13)
[2016.01.31-01.40.49:777][193]LogModuleManager: Shutting down and abandoning module ShaderCore (12)
[2016.01.31-01.40.49:777][193]LogModuleManager: Shutting down and abandoning module Landscape (11)
[2016.01.31-01.40.49:777][193]LogModuleManager: Shutting down and abandoning module SlateRHIRenderer (10)
[2016.01.31-01.40.49:778][193]LogModuleManager: Shutting down and abandoning module OpenGLDrv (9)
[2016.01.31-01.40.49:778][193]LogModuleManager: Shutting down and abandoning module D3D11RHI (8)
[2016.01.31-01.40.49:778][193]LogModuleManager: Shutting down and abandoning module Renderer (7)
[2016.01.31-01.40.49:778][193]LogModuleManager: Shutting down and abandoning module Engine (6)
[2016.01.31-01.40.49:778][193]LogModuleManager: Shutting down and abandoning module CoreUObject (5)
[2016.01.31-01.40.49:778][193]LogModuleManager: Shutting down and abandoning module NetworkFile (4)
[2016.01.31-01.40.49:778][193]LogModuleManager: Shutting down and abandoning module StreamingFile (3)
[2016.01.31-01.40.49:778][193]LogModuleManager: Shutting down and abandoning module SandboxFile (2)
[2016.01.31-01.40.49:778][193]LogModuleManager: Shutting down and abandoning module PakFile (1)
[2016.01.31-01.40.49:778][193]LogExit: Exiting.
[2016.01.31-01.40.49:780][193]Log file closed, 01/30/16 20:40:49
