Log file open, 01/30/16 11:59:07
LogInit:Display: Running engine for game: MyProject
LogInit: Version: 4.7.6-2513093+++depot+UE4-Releases+4.7
LogInit: API Version: 2455222
LogInit: Compiled (64-bit): Apr 15 2015 12:09:54
LogInit: Compiled with Visual C++: 18.00.21005.01
LogInit: Build Configuration: Development
LogInit: Branch Name: ++depot+UE4-Releases+4.7
LogInit: Command line:  
LogInit: Base directory: C:/Program Files/Epic Games/4.7/Engine/Binaries/Win64/
LogInit: Rocket: 1
[2016.01.30-16.59.07:124][  0]LogTaskGraph: Started task graph with 3 named threads and 6 total threads.
[2016.01.30-16.59.07:198][  0]LogOnline:Warning: No default platform service specified for OnlineSubsystem
[2016.01.30-16.59.07:233][  0]LogInit: Presizing for 0 objects not considered by GC, pre-allocating 0 bytes.
[2016.01.30-16.59.07:254][  0]LogInit: Object subsystem initialized
[2016.01.30-16.59.07:258][  0]LogConsoleResponse:Warning: Skipping Unknown console variable: 'TranslucentSortAxis = (X=0.000000,Y=-1.000000,Z=0.000000)'
[2016.01.30-16.59.07:258][  0]LogConsoleResponse:Warning:   Found in ini file 'F:/OOPS/GlobalGameJam2016-master/MyProject/Saved/Config/Windows/Engine.ini', in section '[/Script/Engine.RendererSettings]'
[2016.01.30-16.59.07:258][  0]LogConsoleResponse:Warning: Skipping Unknown console variable: 'UIScaleRule = ShortestSide'
[2016.01.30-16.59.07:258][  0]LogConsoleResponse:Warning:   Found in ini file 'F:/OOPS/GlobalGameJam2016-master/MyProject/Saved/Config/Windows/Engine.ini', in section '[/Script/Engine.RendererSettings]'
[2016.01.30-16.59.07:258][  0]LogConsoleResponse:Warning: Skipping Unknown console variable: 'UIScaleCurve = (EditorCurveData=(Keys=),ExternalCurve=None)'
[2016.01.30-16.59.07:258][  0]LogConsoleResponse:Warning:   Found in ini file 'F:/OOPS/GlobalGameJam2016-master/MyProject/Saved/Config/Windows/Engine.ini', in section '[/Script/Engine.RendererSettings]'
[2016.01.30-16.59.07:259][  0]LogInit: Selected Device Profile: [Windows]
[2016.01.30-16.59.07:259][  0]LogInit: Applying CVar settings loaded from the selected device profile: [Windows]
[2016.01.30-16.59.07:360][  0]LogInit: Computer: WJ308-01
[2016.01.30-16.59.07:360][  0]LogInit: User: Bond0102
[2016.01.30-16.59.07:360][  0]LogInit: CPU Page size=4096, Cores=4
[2016.01.30-16.59.07:360][  0]LogInit: High frequency timer resolution =3.331180 MHz
[2016.01.30-16.59.07:360][  0]LogMemory: Memory total: Physical=8.0GB (8GB approx) Virtual=131072.0GB
[2016.01.30-16.59.07:360][  0]LogMemory: Platform Memory Stats for Windows
[2016.01.30-16.59.07:360][  0]LogMemory: Process Physical Memory: 46.34 MB used, 46.34 MB peak
[2016.01.30-16.59.07:360][  0]LogMemory: Process Virtual Memory: 26.54 MB used, 26.54 MB peak
[2016.01.30-16.59.07:360][  0]LogMemory: Physical Memory: 3961.84 MB used, 8159.13 MB total
[2016.01.30-16.59.07:360][  0]LogMemory: Virtual Memory: 292.96 MB used, 134217728.00 MB total
[2016.01.30-16.59.07:388][  0]LogD3D11RHI: Found D3D11 adapter 0: NVIDIA GeForce GTX 580 (Feature Level 11_0)
[2016.01.30-16.59.07:388][  0]LogD3D11RHI: Adapter has 1484MB of dedicated video memory, 0MB of dedicated system memory, and 2559MB of shared system memory, 2 output[s]
[2016.01.30-16.59.07:389][  0]LogD3D11RHI: Found D3D11 adapter 1: Microsoft Basic Render Driver (Feature Level 11_0)
[2016.01.30-16.59.07:389][  0]LogD3D11RHI: Adapter has 0MB of dedicated video memory, 0MB of dedicated system memory, and 256MB of shared system memory, 0 output[s]
[2016.01.30-16.59.07:389][  0]LogD3D11RHI: Chosen D3D11 Adapter Id = 0
[2016.01.30-16.59.07:393][  0]LogRHI: Texture pool is 1039 MB (70% of 1484 MB)
[2016.01.30-16.59.07:405][  0]LogD3D11RHI: Async texture creation enabled
[2016.01.30-16.59.07:480][  0]LogTextLocalizationManager: The requested culture ('en_US') has no localization data; parent culture's ('en') localization data will be used.
[2016.01.30-16.59.07:540][  0]LogTextLocalizationManager:Warning: Loading localization resources contain conflicting entries for (Namespace:UICommands, Key:Save_ToolTip):
Resource: (C:/Program Files/Epic Games/4.7/Engine/Content/Localization/Editor/en/Editor.locres) Hash: (-29098895) String: (Saves the current level to disk)
Resource: (C:/Program Files/Epic Games/4.7/Engine/Content/Localization/Engine/en/Engine.locres) Hash: (-1280300587) String: (Save selected data to vlog file)
[2016.01.30-16.59.09:135][  0]LogTextLocalizationManager:Warning: Loading localization resources contain conflicting entries for (Namespace:ContentBrowser, Key:ImportAssetToolTip):
Resource: (C:/Program Files/Epic Games/4.7/Engine/Content/Localization/Editor/en/Editor.locres) Hash: (-630476809) String: (Import to {0}...)
Resource: (C:/Program Files/Epic Games/4.7/Engine/Content/Localization/Editor/en/Editor.locres) Hash: (1271782899) String: (Imports an asset from file to this folder.)
[2016.01.30-16.59.09:290][  0]LogContentStreaming: Texture pool size is 0.000000MB
[2016.01.30-16.59.16:920][  0]LogTargetPlatformManager:Display: Building Assets For Windows
[2016.01.30-16.59.17:516][  0]LogTargetPlatformManager:Display: Building Assets For Windows
[2016.01.30-16.59.17:585][  0]LogDerivedDataCache:Display: Max Cache Size: 512 MB
[2016.01.30-16.59.17:623][  0]LogDerivedDataCache: Loaded boot cache 0.04s 39MB C:/Users/Bond0102/AppData/Local/UnrealEngine/4.7/DerivedDataCache/Boot.ddc.
[2016.01.30-16.59.17:623][  0]LogDerivedDataCache:Display: Loaded Boot cache: C:/Users/Bond0102/AppData/Local/UnrealEngine/4.7/DerivedDataCache/Boot.ddc
[2016.01.30-16.59.17:623][  0]LogDerivedDataCache: FDerivedDataBackendGraph:  Pak pak cache file F:/OOPS/GlobalGameJam2016-master/MyProject/DerivedDataCache/DDC.ddp not found, will not use a pak cache.
[2016.01.30-16.59.17:623][  0]LogDerivedDataCache: Unable to find inner node Pak for hierarchical cache Hierarchy.
[2016.01.30-16.59.17:735][  0]LogDerivedDataCache:Display: Pak cache opened for reading ../../../Engine/DerivedDataCache/Compressed.ddp.
[2016.01.30-16.59.17:747][  0]LogDerivedDataCache: Using Local data cache path C:/Users/Bond0102/AppData/Local/UnrealEngine/Common/DerivedDataCache: Writable
[2016.01.30-16.59.18:058][  0]LogMeshUtilities: No automatic mesh reduction module available
[2016.01.30-16.59.18:058][  0]LogMeshUtilities: No automatic mesh merging module available
[2016.01.30-16.59.18:434][  0]LogInit: WinSock: version 1.1 (2.2), MaxSocks=32767, MaxUdp=65467
[2016.01.30-16.59.18:526][  0]LogSlate:Warning: Failed to load font data from '../../../Engine/Content/Slate/Fonts/Roboto-Italic.ttf'
[2016.01.30-16.59.19:893][  0]UdpMessaging: Initializing bridge on interface 0.0.0.0:0 to multicast group 230.0.0.1:6666.
[2016.01.30-16.59.20:178][  0]SourceControl: Info Source control is disabled
[2016.01.30-16.59.20:178][  0]SourceControl: Info Source control is disabled
[2016.01.30-16.59.20:179][  0]SourceControl: Info Source control is disabled
[2016.01.30-16.59.20:189][  0]LogSourceControl: RunCommandInternalRaw: 'git version'
[2016.01.30-16.59.20:196][  0]LogSourceControl: RunCommandInternalRaw: ExecProcess ReturnCode=0 OutResults='git version 1.9.5.msysgit.1
'
[2016.01.30-16.59.25:488][  0]LogObj: 24232 objects as part of root set at end of initial load.
[2016.01.30-16.59.25:488][  0]LogUObjectAllocator: 5137176 out of 0 bytes used by permanent object pool.
[2016.01.30-16.59.25:631][  0]LogEngine: Initializing Engine...
[2016.01.30-16.59.27:876][  0]LogInit: XAudio2 using 'Speakers (Realtek High Definition Audio)' : 2 channels at 48 kHz using 32 bits per sample (channel mask 0x3)
[2016.01.30-16.59.27:883][  0]LogInit: FAudioDevice initialized.
[2016.01.30-16.59.27:928][  0]LogAIModule: Creating AISystem for world NewWorld
[2016.01.30-16.59.27:947][  0]LogDerivedDataCache: Saved boot cache 0.02s 39MB C:/Users/Bond0102/AppData/Local/UnrealEngine/4.7/DerivedDataCache/Boot.ddc.
[2016.01.30-16.59.27:953][  0]LogInit: Texture streaming: Enabled
[2016.01.30-16.59.28:060][  0]LogAnalytics: Creating configured Analytics provider AnalyticsET
[2016.01.30-16.59.28:060][  0]LogAnalytics: ET APIKey = Rocket.Release. APIServer = http://et2.epicgames.com/ET2/. AppVersion = 4.7.6-2513093+++depot+UE4-Releases+4.7
[2016.01.30-16.59.28:062][  0]LogAnalytics: ET APIKey = Rocket.Release. DataRouterUploadURL = https://datarouter-public-service-gamedev.ol.epicgames.net/datarouter/api/v1/public/data. AppVersion = 4.7.6-2513093+++depot+UE4-Releases+4.7
[2016.01.30-16.59.28:062][  0]LogAnalytics: SetUserId 722b65dd49885bf975768f8ae4182d96|06dbf94186e4442b86a38068dd8e39b3|39473877-d930-4bb9-a12d-2ee099ceb38d
[2016.01.30-16.59.28:062][  0]LogAnalytics: AnalyticsET::StartSession [Rocket.Release]
[2016.01.30-16.59.28:087][  0]LogInit: Transaction tracking system initialized
[2016.01.30-16.59.29:975][  0]BlueprintLog: New page: Editor Load
[2016.01.30-16.59.30:022][  0]LogAssetRegistry: FAssetRegistry took 0.0111 seconds to start up
[2016.01.30-16.59.30:045][  0]LogDirectoryWatcher:Warning: Failed to begin reading directory changes for ../../../Engine/Plugins/Experimental/CharacterAI/Content/. Error: 0
[2016.01.30-16.59.31:934][  0]LogTargetPlatformManager:Display: Building Assets For Windows
[2016.01.30-16.59.35:540][  0]LogTargetPlatformManager:Display: Building Assets For Windows
[2016.01.30-16.59.35:925][  0]LogSlate:Warning: Failed to load font data from '../../../Engine/Content/Editor/Slate/Fonts/Roboto-Regular.ttf'
[2016.01.30-16.59.35:926][  0]LogSlate:Warning: Failed to load font data from '../../../Engine/Content/Editor/Slate/Fonts/Roboto-Bold.ttf'
[2016.01.30-16.59.35:934][  0]LogConsoleResponse:Display: 
[2016.01.30-16.59.37:770][  0]LogCook:Display: Done creating registry. It took  0.00s.
[2016.01.30-16.59.41:389][  0]LogSourceControl: RunCommandInternalRaw: 'git version'
[2016.01.30-16.59.41:400][  0]LogSourceControl: RunCommandInternalRaw: ExecProcess ReturnCode=0 OutResults='git version 1.9.5.msysgit.1
'
[2016.01.30-16.59.41:402][  0]Cmd: MAP LOAD FILE="F:/OOPS/GlobalGameJam2016-master/MyProject/Content/gamejam/GlobalGameJam2016.umap" TEMPLATE=0 SHOWPROGRESS=1 FEATURELEVEL=3
[2016.01.30-16.59.41:412][  0]LightingResults: New page: Lighting Build
[2016.01.30-16.59.41:429][  0]MapCheck: New page: Map Check
[2016.01.30-16.59.41:429][  0]LightingResults: New page: Lighting Build
[2016.01.30-16.59.41:437][  0]LogParticles: Destroying 0 GPU particle simulations for FXSystem 0x0000001ECAADC680
[2016.01.30-16.59.42:498][  0]LogEditorServer: Finished looking for orphan Actors (0.000 secs)
[2016.01.30-16.59.42:547][  0]LogAIModule: Creating AISystem for world GlobalGameJam2016
[2016.01.30-16.59.42:547][  0]Cmd: MAP CHECKDEP
[2016.01.30-16.59.42:547][  0]MapCheck: New page: GlobalGameJam2016 - Jan 30, 2016, 6:59:42 AM
[2016.01.30-16.59.42:710][  0]MapCheck: Info Map check complete: 0 Error(s), 0 Warning(s), took 162.746ms to complete.
[2016.01.30-16.59.42:710][  0]LogFileHelpers: Loading map 'GlobalGameJam2016' took 1.308
[2016.01.30-16.59.42:862][  0]LogCollectionManager: Loaded 0 collections in 0.002776 seconds
[2016.01.30-16.59.42:873][  0]LogContentBrowser: Native class hierarchy populated in 0.0104 seconds. Added 1696 classes and 261 folders.
[2016.01.30-16.59.42:912][  0]LogContentBrowser: Native class hierarchy updated for 'SceneOutliner' in 0.0032 seconds. Added 1 classes and 2 folders.
[2016.01.30-16.59.42:967][  0]LogCrashTracker: Crashtracker disabled due to settings.
[2016.01.30-16.59.42:969][  0]LogSlate:Warning: Failed to load font data from 'Veranda'
[2016.01.30-16.59.42:975][  0]LogUObjectGlobals:Warning: Failed to find object 'Class None.'
[2016.01.30-16.59.43:001][  0]LogLoad: Full Startup: 41.86 seconds (BP compile: 0.20 seconds)
[2016.01.30-16.59.43:099][  0]LogContentBrowser:Verbose: The content browser source was changed by the sources view to '/Game/gamejam'
[2016.01.30-16.59.43:161][  0]SourceControl:Error: Error You should check out a working copy into your project directory.
[2016.01.30-16.59.43:230][  0]LogRenderer:Warning: Reallocating scene render targets to support 32x32 (Frame:2).
[2016.01.30-16.59.43:355][  0]LogRenderer:Warning: Reallocating scene render targets to support 1208x584 (Frame:6).
[2016.01.30-16.59.43:416][  1]Cmd: UpdateLandscapeEditorData -warnings
[2016.01.30-16.59.43:426][  1]Cmd: UpdateLandscapeEditorData
[2016.01.30-16.59.45:908][  6]LogAssetRegistry: Asset discovery search completed in 15.8977 seconds
[2016.01.30-16.59.46:255][ 44]LogSourceControl: RunCommandInternalRaw: 'git status --porcelain --ignored "F:/OOPS/GlobalGameJam2016-master/MyProject/Content/gamejam/GlobalGameJam2016.umap"'
[2016.01.30-16.59.46:263][ 45]LogSourceControl: RunCommandInternalRaw: ExecProcess ReturnCode=128 OutResults=''
[2016.01.30-16.59.46:263][ 45]LogSourceControl:Error: RunCommandInternalRaw: ExecProcess ReturnCode=128 OutErrors='fatal: Not a git repository (or any of the parent directories): .git
'
[2016.01.30-16.59.46:266][ 45]SourceControl:Error: Error fatal: Not a git repository (or any of the parent directories): .git
[2016.01.30-16.59.48:507][270]LogSourceControl: RunCommandInternalRaw: 'git status --porcelain --ignored "F:/OOPS/GlobalGameJam2016-master/MyProject/Content/gamejam/map_plan.uasset" "F:/OOPS/GlobalGameJam2016-master/MyProject/Content/gamejam/map_plan_Mat.uasset" "F:/OOPS/GlobalGameJam2016-master/MyProject/Content/gamejam/SpookTown.umap"'
[2016.01.30-16.59.48:510][270]LogSourceControl: RunCommandInternalRaw: ExecProcess ReturnCode=128 OutResults=''
[2016.01.30-16.59.48:510][270]LogSourceControl:Error: RunCommandInternalRaw: ExecProcess ReturnCode=128 OutErrors='fatal: Not a git repository (or any of the parent directories): .git
'
[2016.01.30-16.59.48:510][270]SourceControl:Error: Error fatal: Not a git repository (or any of the parent directories): .git
[2016.01.30-16.59.54:466][909]LogTexture:Display: Building textures: HQ_Lightmap0_10 (AutoDXT)
[2016.01.30-16.59.54:470][909]LogTexture:Display: Building textures: HQ_Lightmap0_11 (AutoDXT)
[2016.01.30-16.59.54:477][909]LogTexture:Display: Building textures: HQ_Lightmap0_12 (AutoDXT)
[2016.01.30-16.59.54:483][909]LogTexture:Display: Building textures: HQ_Lightmap0_13 (AutoDXT)
[2016.01.30-16.59.54:488][909]LogTexture:Display: Building textures: HQ_Lightmap0_14 (AutoDXT)
[2016.01.30-16.59.54:494][909]LogTexture:Display: Building textures: HQ_Lightmap0_15 (AutoDXT)
[2016.01.30-16.59.54:497][909]LogTexture:Display: Building textures: HQ_Lightmap0_16 (AutoDXT)
[2016.01.30-16.59.54:503][909]LogTexture:Display: Building textures: HQ_Lightmap0_17 (AutoDXT)
[2016.01.30-16.59.54:506][909]LogTexture:Display: Building textures: HQ_Lightmap0_18 (AutoDXT)
[2016.01.30-16.59.54:507][909]LogTexture:Display: Building textures: HQ_Lightmap0_19 (AutoDXT)
[2016.01.30-16.59.54:509][909]LogTexture:Display: Building textures: HQ_Lightmap0_2 (AutoDXT)
[2016.01.30-16.59.54:515][909]LogTexture:Display: Building textures: HQ_Lightmap0_20 (AutoDXT)
[2016.01.30-16.59.54:516][909]LogTexture:Display: Building textures: HQ_Lightmap0_21 (AutoDXT)
[2016.01.30-16.59.54:521][909]LogTexture:Display: Building textures: HQ_Lightmap0_22 (AutoDXT)
[2016.01.30-16.59.54:526][909]LogTexture:Display: Building textures: HQ_Lightmap0_23 (AutoDXT)
[2016.01.30-16.59.54:528][909]LogTexture:Display: Building textures: HQ_Lightmap0_24 (AutoDXT)
[2016.01.30-16.59.54:534][909]LogTexture:Display: Building textures: HQ_Lightmap0_25 (AutoDXT)
[2016.01.30-16.59.54:539][909]LogTexture:Display: Building textures: HQ_Lightmap0_26 (AutoDXT)
[2016.01.30-16.59.54:544][909]LogTexture:Display: Building textures: HQ_Lightmap0_27 (AutoDXT)
[2016.01.30-16.59.54:548][909]LogTexture:Display: Building textures: HQ_Lightmap0_28 (AutoDXT)
[2016.01.30-16.59.54:551][909]LogTexture:Display: Building textures: HQ_Lightmap0_29 (AutoDXT)
[2016.01.30-16.59.54:554][909]LogTexture:Display: Building textures: HQ_Lightmap0_3 (AutoDXT)
[2016.01.30-16.59.54:557][909]LogTexture:Display: Building textures: HQ_Lightmap0_30 (AutoDXT)
[2016.01.30-16.59.54:562][909]LogTexture:Display: Building textures: HQ_Lightmap0_31 (AutoDXT)
[2016.01.30-16.59.54:565][909]LogTexture:Display: Building textures: HQ_Lightmap0_32 (AutoDXT)
[2016.01.30-16.59.54:570][909]LogTexture:Display: Building textures: HQ_Lightmap0_33 (AutoDXT)
[2016.01.30-16.59.54:572][909]LogTexture:Display: Building textures: HQ_Lightmap0_34 (AutoDXT)
[2016.01.30-16.59.54:576][909]LogTexture:Display: Building textures: HQ_Lightmap0_35 (AutoDXT)
[2016.01.30-16.59.54:581][909]LogTexture:Display: Building textures: HQ_Lightmap0_36 (AutoDXT)
[2016.01.30-16.59.54:582][909]LogTexture:Display: Building textures: HQ_Lightmap0_37 (AutoDXT)
[2016.01.30-16.59.54:588][909]LogTexture:Display: Building textures: HQ_Lightmap0_38 (AutoDXT)
[2016.01.30-16.59.54:591][909]LogTexture:Display: Building textures: HQ_Lightmap0_39 (AutoDXT)
[2016.01.30-16.59.54:595][909]LogTexture:Display: Building textures: HQ_Lightmap0_4 (AutoDXT)
[2016.01.30-16.59.54:604][909]LogTexture:Display: Building textures: HQ_Lightmap0_40 (AutoDXT)
[2016.01.30-16.59.54:607][909]LogTexture:Display: Building textures: HQ_Lightmap0_41 (AutoDXT)
[2016.01.30-16.59.54:613][909]LogTexture:Display: Building textures: HQ_Lightmap0_42 (AutoDXT)
[2016.01.30-16.59.54:616][909]LogTexture:Display: Building textures: HQ_Lightmap0_43 (AutoDXT)
[2016.01.30-16.59.54:619][909]LogTexture:Display: Building textures: HQ_Lightmap0_44 (AutoDXT)
[2016.01.30-16.59.54:625][909]LogTexture:Display: Building textures: HQ_Lightmap0_45 (AutoDXT)
[2016.01.30-16.59.54:630][909]LogTexture:Display: Building textures: HQ_Lightmap0_46 (AutoDXT)
[2016.01.30-16.59.54:635][909]LogTexture:Display: Building textures: HQ_Lightmap0_47 (AutoDXT)
[2016.01.30-16.59.54:640][909]LogTexture:Display: Building textures: HQ_Lightmap0_48 (AutoDXT)
[2016.01.30-16.59.54:646][909]LogTexture:Display: Building textures: HQ_Lightmap0_49 (AutoDXT)
[2016.01.30-16.59.54:651][909]LogTexture:Display: Building textures: HQ_Lightmap0_5 (AutoDXT)
[2016.01.30-16.59.54:656][909]LogTexture:Display: Building textures: HQ_Lightmap0_50 (AutoDXT)
[2016.01.30-16.59.54:662][909]LogTexture:Display: Building textures: HQ_Lightmap0_51 (AutoDXT)
[2016.01.30-16.59.54:667][909]LogTexture:Display: Building textures: HQ_Lightmap0_52 (AutoDXT)
[2016.01.30-16.59.54:670][909]LogTexture:Display: Building textures: HQ_Lightmap0_53 (AutoDXT)
[2016.01.30-16.59.54:673][909]LogTexture:Display: Building textures: HQ_Lightmap0_54 (AutoDXT)
[2016.01.30-16.59.54:678][909]LogTexture:Display: Building textures: HQ_Lightmap0_55 (AutoDXT)
[2016.01.30-16.59.54:683][909]LogTexture:Display: Building textures: HQ_Lightmap0_56 (AutoDXT)
[2016.01.30-16.59.54:689][909]LogTexture:Display: Building textures: HQ_Lightmap0_57 (AutoDXT)
[2016.01.30-16.59.54:695][909]LogTexture:Display: Building textures: HQ_Lightmap0_58 (AutoDXT)
[2016.01.30-16.59.54:700][909]LogTexture:Display: Building textures: HQ_Lightmap0_59 (AutoDXT)
[2016.01.30-16.59.54:706][909]LogTexture:Display: Building textures: HQ_Lightmap0_6 (AutoDXT)
[2016.01.30-16.59.54:712][909]LogTexture:Display: Building textures: HQ_Lightmap0_60 (AutoDXT)
[2016.01.30-16.59.54:717][909]LogTexture:Display: Building textures: HQ_Lightmap0_61 (AutoDXT)
[2016.01.30-16.59.54:722][909]LogTexture:Display: Building textures: HQ_Lightmap0_62 (AutoDXT)
[2016.01.30-16.59.54:728][909]LogTexture:Display: Building textures: HQ_Lightmap0_63 (AutoDXT)
[2016.01.30-16.59.54:731][909]LogTexture:Display: Building textures: HQ_Lightmap0_64 (AutoDXT)
[2016.01.30-16.59.54:736][909]LogTexture:Display: Building textures: HQ_Lightmap0_65 (AutoDXT)
[2016.01.30-16.59.54:740][909]LogTexture:Display: Building textures: HQ_Lightmap0_66 (AutoDXT)
[2016.01.30-16.59.54:745][909]LogTexture:Display: Building textures: HQ_Lightmap0_7 (AutoDXT)
[2016.01.30-16.59.54:750][909]LogTexture:Display: Building textures: HQ_Lightmap0_8 (AutoDXT)
[2016.01.30-16.59.54:756][909]LogTexture:Display: Building textures: HQ_Lightmap0_9 (AutoDXT)
[2016.01.30-16.59.54:788][909]LogTexture:Display: Building textures: HQ_Lightmap1_1 (AutoDXT)
[2016.01.30-16.59.56:606][909]LogTexture:Display: Building textures: HQ_Lightmap1_10 (AutoDXT)
[2016.01.30-16.59.56:614][909]LogTexture:Display: Building textures: HQ_Lightmap1_11 (AutoDXT)
[2016.01.30-16.59.56:625][909]LogTexture:Display: Building textures: HQ_Lightmap1_12 (AutoDXT)
[2016.01.30-16.59.56:641][909]LogTexture:Display: Building textures: HQ_Lightmap1_13 (AutoDXT)
[2016.01.30-16.59.56:652][909]LogTexture:Display: Building textures: HQ_Lightmap1_14 (AutoDXT)
[2016.01.30-16.59.56:664][909]LogTexture:Display: Building textures: HQ_Lightmap1_15 (AutoDXT)
[2016.01.30-16.59.56:671][909]LogTexture:Display: Building textures: HQ_Lightmap1_16 (AutoDXT)
[2016.01.30-16.59.56:682][909]LogTexture:Display: Building textures: HQ_Lightmap1_17 (AutoDXT)
[2016.01.30-16.59.56:688][909]LogTexture:Display: Building textures: HQ_Lightmap1_18 (AutoDXT)
[2016.01.30-16.59.56:690][909]LogTexture:Display: Building textures: HQ_Lightmap1_19 (AutoDXT)
[2016.01.30-16.59.56:695][909]LogTexture:Display: Building textures: HQ_Lightmap1_2 (AutoDXT)
[2016.01.30-16.59.56:705][909]LogTexture:Display: Building textures: HQ_Lightmap1_20 (AutoDXT)
[2016.01.30-16.59.56:705][909]LogTexture:Display: Building textures: HQ_Lightmap1_21 (AutoDXT)
[2016.01.30-16.59.56:711][909]LogTexture:Display: Building textures: HQ_Lightmap1_22 (AutoDXT)
[2016.01.30-16.59.56:717][909]LogTexture:Display: Building textures: HQ_Lightmap1_23 (AutoDXT)
[2016.01.30-16.59.56:719][909]LogTexture:Display: Building textures: HQ_Lightmap1_24 (AutoDXT)
[2016.01.30-16.59.56:725][909]LogTexture:Display: Building textures: HQ_Lightmap1_25 (AutoDXT)
[2016.01.30-16.59.56:731][909]LogTexture:Display: Building textures: HQ_Lightmap1_26 (AutoDXT)
[2016.01.30-16.59.56:737][909]LogTexture:Display: Building textures: HQ_Lightmap1_27 (AutoDXT)
[2016.01.30-16.59.56:740][909]LogTexture:Display: Building textures: HQ_Lightmap1_28 (AutoDXT)
[2016.01.30-16.59.56:743][909]LogTexture:Display: Building textures: HQ_Lightmap1_29 (AutoDXT)
[2016.01.30-16.59.56:747][909]LogTexture:Display: Building textures: HQ_Lightmap1_3 (AutoDXT)
[2016.01.30-16.59.56:751][909]LogTexture:Display: Building textures: HQ_Lightmap1_30 (AutoDXT)
[2016.01.30-16.59.56:757][909]LogTexture:Display: Building textures: HQ_Lightmap1_31 (AutoDXT)
[2016.01.30-16.59.56:759][909]LogTexture:Display: Building textures: HQ_Lightmap1_32 (AutoDXT)
[2016.01.30-16.59.56:765][909]LogTexture:Display: Building textures: HQ_Lightmap1_33 (AutoDXT)
[2016.01.30-16.59.56:767][909]LogTexture:Display: Building textures: HQ_Lightmap1_34 (AutoDXT)
[2016.01.30-16.59.58:407][909]LogTexture:Display: Building textures: HQ_Lightmap1_35 (AutoDXT)
[2016.01.30-16.59.58:419][909]LogTexture:Display: Building textures: HQ_Lightmap1_36 (AutoDXT)
[2016.01.30-16.59.58:420][909]LogTexture:Display: Building textures: HQ_Lightmap1_37 (AutoDXT)
[2016.01.30-16.59.58:432][909]LogTexture:Display: Building textures: HQ_Lightmap1_38 (AutoDXT)
[2016.01.30-16.59.58:438][909]LogTexture:Display: Building textures: HQ_Lightmap1_39 (AutoDXT)
[2016.01.30-16.59.58:447][909]LogTexture:Display: Building textures: HQ_Lightmap1_4 (AutoDXT)
[2016.01.30-16.59.58:458][909]LogTexture:Display: Building textures: HQ_Lightmap1_40 (AutoDXT)
[2016.01.30-16.59.58:467][909]LogTexture:Display: Building textures: HQ_Lightmap1_41 (AutoDXT)
[2016.01.30-16.59.58:479][909]LogTexture:Display: Building textures: HQ_Lightmap1_42 (AutoDXT)
[2016.01.30-16.59.58:486][909]LogTexture:Display: Building textures: HQ_Lightmap1_43 (AutoDXT)
[2016.01.30-16.59.58:493][909]LogTexture:Display: Building textures: HQ_Lightmap1_44 (AutoDXT)
[2016.01.30-16.59.58:505][909]LogTexture:Display: Building textures: HQ_Lightmap1_45 (AutoDXT)
[2016.01.30-16.59.58:513][909]LogTexture:Display: Building textures: HQ_Lightmap1_46 (AutoDXT)
[2016.01.30-16.59.58:521][909]LogTexture:Display: Building textures: HQ_Lightmap1_47 (AutoDXT)
[2016.01.30-16.59.58:528][909]LogTexture:Display: Building textures: HQ_Lightmap1_48 (AutoDXT)
[2016.01.30-16.59.58:535][909]LogTexture:Display: Building textures: HQ_Lightmap1_49 (AutoDXT)
[2016.01.30-16.59.58:543][909]LogTexture:Display: Building textures: HQ_Lightmap1_5 (AutoDXT)
[2016.01.30-16.59.58:550][909]LogTexture:Display: Building textures: HQ_Lightmap1_50 (AutoDXT)
[2016.01.30-16.59.58:557][909]LogTexture:Display: Building textures: HQ_Lightmap1_51 (AutoDXT)
[2016.01.30-16.59.58:567][909]LogTexture:Display: Building textures: HQ_Lightmap1_52 (AutoDXT)
[2016.01.30-16.59.58:572][909]LogTexture:Display: Building textures: HQ_Lightmap1_53 (AutoDXT)
[2016.01.30-16.59.58:576][909]LogTexture:Display: Building textures: HQ_Lightmap1_54 (AutoDXT)
[2016.01.30-16.59.58:584][909]LogTexture:Display: Building textures: HQ_Lightmap1_55 (AutoDXT)
[2016.01.30-16.59.58:589][909]LogTexture:Display: Building textures: HQ_Lightmap1_56 (AutoDXT)
[2016.01.30-16.59.58:593][909]LogTexture:Display: Building textures: HQ_Lightmap1_57 (AutoDXT)
[2016.01.30-16.59.58:604][909]LogTexture:Display: Building textures: HQ_Lightmap1_58 (AutoDXT)
[2016.01.30-16.59.58:611][909]LogTexture:Display: Building textures: HQ_Lightmap1_59 (AutoDXT)
[2016.01.30-16.59.58:617][909]LogTexture:Display: Building textures: HQ_Lightmap1_6 (AutoDXT)
[2016.01.30-16.59.58:622][909]LogTexture:Display: Building textures: HQ_Lightmap1_60 (AutoDXT)
[2016.01.30-16.59.58:627][909]LogTexture:Display: Building textures: HQ_Lightmap1_61 (AutoDXT)
[2016.01.30-16.59.58:633][909]LogTexture:Display: Building textures: HQ_Lightmap1_62 (AutoDXT)
[2016.01.30-16.59.58:638][909]LogTexture:Display: Building textures: HQ_Lightmap1_63 (AutoDXT)
[2016.01.30-16.59.58:641][909]LogTexture:Display: Building textures: HQ_Lightmap1_64 (AutoDXT)
[2016.01.30-16.59.58:646][909]LogTexture:Display: Building textures: HQ_Lightmap1_65 (AutoDXT)
[2016.01.30-16.59.58:649][909]LogTexture:Display: Building textures: HQ_Lightmap1_66 (AutoDXT)
[2016.01.30-16.59.58:655][909]LogTexture:Display: Building textures: HQ_Lightmap1_7 (AutoDXT)
[2016.01.30-16.59.58:660][909]LogTexture:Display: Building textures: HQ_Lightmap1_8 (AutoDXT)
[2016.01.30-16.59.58:666][909]LogTexture:Display: Building textures: HQ_Lightmap1_9 (AutoDXT)
[2016.01.30-16.59.58:670][909]LogTexture:Display: Building textures: LQ_Lightmap_0_10 (DXT1)
[2016.01.30-16.59.58:672][909]LogTexture:Display: Building textures: LQ_Lightmap_0_11 (DXT1)
[2016.01.30-16.59.58:676][909]LogTexture:Display: Building textures: LQ_Lightmap_0_12 (DXT1)
[2016.01.30-16.59.58:680][909]LogTexture:Display: Building textures: LQ_Lightmap_0_13 (DXT1)
[2016.01.30-16.59.58:683][909]LogTexture:Display: Building textures: LQ_Lightmap_0_14 (DXT1)
[2016.01.30-16.59.58:687][909]LogTexture:Display: Building textures: LQ_Lightmap_0_15 (DXT1)
[2016.01.30-16.59.58:689][909]LogTexture:Display: Building textures: LQ_Lightmap_0_16 (DXT1)
[2016.01.30-16.59.58:693][909]LogTexture:Display: Building textures: LQ_Lightmap_0_17 (DXT1)
[2016.01.30-16.59.58:695][909]LogTexture:Display: Building textures: LQ_Lightmap_0_18 (DXT1)
[2016.01.30-16.59.58:696][909]LogTexture:Display: Building textures: LQ_Lightmap_0_19 (DXT1)
[2016.01.30-16.59.58:698][909]LogTexture:Display: Building textures: LQ_Lightmap_0_2 (DXT1)
[2016.01.30-16.59.58:703][909]LogTexture:Display: Building textures: LQ_Lightmap_0_20 (DXT1)
[2016.01.30-16.59.58:703][909]LogTexture:Display: Building textures: LQ_Lightmap_0_21 (DXT1)
[2016.01.30-16.59.58:709][909]LogTexture:Display: Building textures: LQ_Lightmap_0_22 (DXT1)
[2016.01.30-16.59.58:713][909]LogTexture:Display: Building textures: LQ_Lightmap_0_23 (DXT1)
[2016.01.30-16.59.58:716][909]LogTexture:Display: Building textures: LQ_Lightmap_0_24 (DXT1)
[2016.01.30-16.59.58:721][909]LogTexture:Display: Building textures: LQ_Lightmap_0_25 (DXT1)
[2016.01.30-16.59.58:724][909]LogTexture:Display: Building textures: LQ_Lightmap_0_26 (DXT1)
[2016.01.30-16.59.58:729][909]LogTexture:Display: Building textures: LQ_Lightmap_0_27 (DXT1)
[2016.01.30-16.59.58:732][909]LogTexture:Display: Building textures: LQ_Lightmap_0_28 (DXT1)
[2016.01.30-16.59.58:734][909]LogTexture:Display: Building textures: LQ_Lightmap_0_29 (DXT1)
[2016.01.30-16.59.58:737][909]LogTexture:Display: Building textures: LQ_Lightmap_0_3 (DXT1)
[2016.01.30-16.59.58:739][909]LogTexture:Display: Building textures: LQ_Lightmap_0_30 (DXT1)
[2016.01.30-16.59.58:742][909]LogTexture:Display: Building textures: LQ_Lightmap_0_31 (DXT1)
[2016.01.30-16.59.58:746][909]LogTexture:Display: Building textures: LQ_Lightmap_0_32 (DXT1)
[2016.01.30-16.59.58:750][909]LogTexture:Display: Building textures: LQ_Lightmap_0_33 (DXT1)
[2016.01.30-16.59.58:752][909]LogTexture:Display: Building textures: LQ_Lightmap_0_34 (DXT1)
[2016.01.30-16.59.58:753][909]LogTexture:Display: Building textures: LQ_Lightmap_0_35 (DXT1)
[2016.01.30-16.59.58:758][909]LogTexture:Display: Building textures: LQ_Lightmap_0_38 (DXT1)
[2016.01.30-16.59.58:761][909]LogTexture:Display: Building textures: LQ_Lightmap_0_39 (DXT1)
[2016.01.30-16.59.58:764][909]LogTexture:Display: Building textures: LQ_Lightmap_0_4 (DXT1)
[2016.01.30-16.59.58:766][909]LogTexture:Display: Building textures: LQ_Lightmap_0_40 (DXT1)
[2016.01.30-16.59.58:769][909]LogTexture:Display: Building textures: LQ_Lightmap_0_41 (DXT1)
[2016.01.30-16.59.58:773][909]LogTexture:Display: Building textures: LQ_Lightmap_0_42 (DXT1)
[2016.01.30-16.59.58:775][909]LogTexture:Display: Building textures: LQ_Lightmap_0_43 (DXT1)
[2016.01.30-16.59.58:777][909]LogTexture:Display: Building textures: LQ_Lightmap_0_44 (DXT1)
[2016.01.30-16.59.58:781][909]LogTexture:Display: Building textures: LQ_Lightmap_0_45 (DXT1)
[2016.01.30-16.59.58:784][909]LogTexture:Display: Building textures: LQ_Lightmap_0_46 (DXT1)
[2016.01.30-16.59.58:789][909]LogTexture:Display: Building textures: LQ_Lightmap_0_47 (DXT1)
[2016.01.30-16.59.58:794][909]LogTexture:Display: Building textures: LQ_Lightmap_0_48 (DXT1)
[2016.01.30-16.59.58:800][909]LogTexture:Display: Building textures: LQ_Lightmap_0_49 (DXT1)
[2016.01.30-16.59.58:808][909]LogTexture:Display: Building textures: LQ_Lightmap_0_5 (DXT1)
[2016.01.30-16.59.58:813][909]LogTexture:Display: Building textures: LQ_Lightmap_0_50 (DXT1)
[2016.01.30-16.59.58:818][909]LogTexture:Display: Building textures: LQ_Lightmap_0_51 (DXT1)
[2016.01.30-16.59.58:821][909]LogTexture:Display: Building textures: LQ_Lightmap_0_52 (DXT1)
[2016.01.30-16.59.58:824][909]LogTexture:Display: Building textures: LQ_Lightmap_0_53 (DXT1)
[2016.01.30-16.59.58:826][909]LogTexture:Display: Building textures: LQ_Lightmap_0_54 (DXT1)
[2016.01.30-16.59.58:831][909]LogTexture:Display: Building textures: LQ_Lightmap_0_55 (DXT1)
[2016.01.30-16.59.58:833][909]LogTexture:Display: Building textures: LQ_Lightmap_0_56 (DXT1)
[2016.01.30-16.59.58:835][909]LogTexture:Display: Building textures: LQ_Lightmap_0_57 (DXT1)
[2016.01.30-16.59.58:840][909]LogTexture:Display: Building textures: LQ_Lightmap_0_58 (DXT1)
[2016.01.30-16.59.58:844][909]LogTexture:Display: Building textures: LQ_Lightmap_0_59 (DXT1)
[2016.01.30-16.59.58:849][909]LogTexture:Display: Building textures: LQ_Lightmap_0_6 (DXT1)
[2016.01.30-16.59.58:854][909]LogTexture:Display: Building textures: LQ_Lightmap_0_60 (DXT1)
[2016.01.30-16.59.58:858][909]LogTexture:Display: Building textures: LQ_Lightmap_0_61 (DXT1)
[2016.01.30-16.59.58:863][909]LogTexture:Display: Building textures: LQ_Lightmap_0_62 (DXT1)
[2016.01.30-16.59.58:866][909]LogTexture:Display: Building textures: LQ_Lightmap_0_63 (DXT1)
[2016.01.30-16.59.58:868][909]LogTexture:Display: Building textures: LQ_Lightmap_0_64 (DXT1)
[2016.01.30-16.59.58:873][909]LogTexture:Display: Building textures: LQ_Lightmap_0_65 (DXT1)
[2016.01.30-16.59.58:875][909]LogTexture:Display: Building textures: LQ_Lightmap_0_66 (DXT1)
[2016.01.30-16.59.58:880][909]LogTexture:Display: Building textures: LQ_Lightmap_0_7 (DXT1)
[2016.01.30-16.59.58:885][909]LogTexture:Display: Building textures: LQ_Lightmap_0_8 (DXT1)
[2016.01.30-16.59.58:889][909]LogTexture:Display: Building textures: LQ_Lightmap_0_9 (DXT1)
[2016.01.30-16.59.58:915][909]LogTexture:Display: Building textures: LQ_Lightmap_1_1 (DXT1)
[2016.01.30-16.59.59:048][909]LogTexture:Display: Building textures: LQ_Lightmap_1_36 (DXT1)
[2016.01.30-16.59.59:048][909]LogTexture:Display: Building textures: LQ_Lightmap_1_37 (DXT1)
[2016.01.30-16.59.59:056][909]LogTexture:Display: Building textures: ShadowMapTexture2D_456 (BGRA8)
[2016.01.30-16.59.59:056][909]LogTexture:Display: Building textures: ShadowMapTexture2D_457 (BGRA8)
[2016.01.30-17.00.00:690][909]LogTexture:Display: Building textures: ShadowMapTexture2D_458 (BGRA8)
[2016.01.30-17.00.00:691][909]LogTexture:Display: Building textures: ShadowMapTexture2D_459 (BGRA8)
[2016.01.30-17.00.00:691][909]LogTexture:Display: Building textures: ShadowMapTexture2D_460 (BGRA8)
[2016.01.30-17.00.00:692][909]LogTexture:Display: Building textures: ShadowMapTexture2D_461 (BGRA8)
[2016.01.30-17.00.00:693][909]LogTexture:Display: Building textures: ShadowMapTexture2D_462 (BGRA8)
[2016.01.30-17.00.00:693][909]LogTexture:Display: Building textures: ShadowMapTexture2D_463 (BGRA8)
[2016.01.30-17.00.00:694][909]LogTexture:Display: Building textures: ShadowMapTexture2D_464 (BGRA8)
[2016.01.30-17.00.00:695][909]LogTexture:Display: Building textures: ShadowMapTexture2D_465 (BGRA8)
[2016.01.30-17.00.00:695][909]LogTexture:Display: Building textures: ShadowMapTexture2D_466 (BGRA8)
[2016.01.30-17.00.00:696][909]LogTexture:Display: Building textures: ShadowMapTexture2D_467 (BGRA8)
[2016.01.30-17.00.00:696][909]LogTexture:Display: Building textures: ShadowMapTexture2D_468 (BGRA8)
[2016.01.30-17.00.00:697][909]LogTexture:Display: Building textures: ShadowMapTexture2D_469 (BGRA8)
[2016.01.30-17.00.00:698][909]LogTexture:Display: Building textures: ShadowMapTexture2D_470 (BGRA8)
[2016.01.30-17.00.00:699][909]LogTexture:Display: Building textures: ShadowMapTexture2D_471 (BGRA8)
[2016.01.30-17.00.00:699][909]LogTexture:Display: Building textures: ShadowMapTexture2D_472 (BGRA8)
[2016.01.30-17.00.00:700][909]LogTexture:Display: Building textures: ShadowMapTexture2D_473 (BGRA8)
[2016.01.30-17.00.00:700][909]LogTexture:Display: Building textures: ShadowMapTexture2D_474 (BGRA8)
[2016.01.30-17.00.00:701][909]LogTexture:Display: Building textures: ShadowMapTexture2D_475 (BGRA8)
[2016.01.30-17.00.00:702][909]LogTexture:Display: Building textures: ShadowMapTexture2D_476 (BGRA8)
[2016.01.30-17.00.00:702][909]LogTexture:Display: Building textures: ShadowMapTexture2D_477 (BGRA8)
[2016.01.30-17.00.00:703][909]LogTexture:Display: Building textures: ShadowMapTexture2D_478 (BGRA8)
[2016.01.30-17.00.00:704][909]LogTexture:Display: Building textures: ShadowMapTexture2D_479 (BGRA8)
[2016.01.30-17.00.00:704][909]LogTexture:Display: Building textures: ShadowMapTexture2D_480 (BGRA8)
[2016.01.30-17.00.00:705][909]LogTexture:Display: Building textures: ShadowMapTexture2D_481 (BGRA8)
[2016.01.30-17.00.00:705][909]LogTexture:Display: Building textures: ShadowMapTexture2D_482 (BGRA8)
[2016.01.30-17.00.00:707][909]LogTexture:Display: Building textures: ShadowMapTexture2D_483 (BGRA8)
[2016.01.30-17.00.00:707][909]LogTexture:Display: Building textures: ShadowMapTexture2D_484 (BGRA8)
[2016.01.30-17.00.00:708][909]LogTexture:Display: Building textures: ShadowMapTexture2D_485 (BGRA8)
[2016.01.30-17.00.00:708][909]LogTexture:Display: Building textures: ShadowMapTexture2D_486 (BGRA8)
[2016.01.30-17.00.00:709][909]LogTexture:Display: Building textures: ShadowMapTexture2D_487 (BGRA8)
[2016.01.30-17.00.00:710][909]LogTexture:Display: Building textures: ShadowMapTexture2D_488 (BGRA8)
[2016.01.30-17.00.00:710][909]LogTexture:Display: Building textures: ShadowMapTexture2D_489 (BGRA8)
[2016.01.30-17.00.00:711][909]LogTexture:Display: Building textures: ShadowMapTexture2D_490 (BGRA8)
[2016.01.30-17.00.00:712][909]LogTexture:Display: Building textures: ShadowMapTexture2D_491 (BGRA8)
[2016.01.30-17.00.00:713][909]LogTexture:Display: Building textures: ShadowMapTexture2D_492 (BGRA8)
[2016.01.30-17.00.00:713][909]LogTexture:Display: Building textures: ShadowMapTexture2D_493 (BGRA8)
[2016.01.30-17.00.00:714][909]LogTexture:Display: Building textures: ShadowMapTexture2D_494 (BGRA8)
[2016.01.30-17.00.00:715][909]LogTexture:Display: Building textures: ShadowMapTexture2D_495 (BGRA8)
[2016.01.30-17.00.00:715][909]LogTexture:Display: Building textures: ShadowMapTexture2D_496 (BGRA8)
[2016.01.30-17.00.00:716][909]LogTexture:Display: Building textures: ShadowMapTexture2D_497 (BGRA8)
[2016.01.30-17.00.00:719][909]LogTexture:Display: Building textures: ShadowMapTexture2D_498 (BGRA8)
[2016.01.30-17.00.00:720][909]LogTexture:Display: Building textures: ShadowMapTexture2D_499 (BGRA8)
[2016.01.30-17.00.00:720][909]LogTexture:Display: Building textures: ShadowMapTexture2D_500 (BGRA8)
[2016.01.30-17.00.00:721][909]LogTexture:Display: Building textures: ShadowMapTexture2D_501 (BGRA8)
[2016.01.30-17.00.00:722][909]LogTexture:Display: Building textures: ShadowMapTexture2D_502 (BGRA8)
[2016.01.30-17.00.00:722][909]LogTexture:Display: Building textures: ShadowMapTexture2D_503 (BGRA8)
[2016.01.30-17.00.00:723][909]LogTexture:Display: Building textures: ShadowMapTexture2D_504 (BGRA8)
[2016.01.30-17.00.00:724][909]LogTexture:Display: Building textures: ShadowMapTexture2D_505 (BGRA8)
[2016.01.30-17.00.00:724][909]LogTexture:Display: Building textures: ShadowMapTexture2D_506 (BGRA8)
[2016.01.30-17.00.00:725][909]LogTexture:Display: Building textures: ShadowMapTexture2D_507 (BGRA8)
[2016.01.30-17.00.00:726][909]LogTexture:Display: Building textures: ShadowMapTexture2D_508 (BGRA8)
[2016.01.30-17.00.00:727][909]LogTexture:Display: Building textures: ShadowMapTexture2D_509 (BGRA8)
[2016.01.30-17.00.00:727][909]LogTexture:Display: Building textures: ShadowMapTexture2D_510 (BGRA8)
[2016.01.30-17.00.00:728][909]LogTexture:Display: Building textures: ShadowMapTexture2D_511 (BGRA8)
[2016.01.30-17.00.00:729][909]LogTexture:Display: Building textures: ShadowMapTexture2D_512 (BGRA8)
[2016.01.30-17.00.00:730][909]LogTexture:Display: Building textures: ShadowMapTexture2D_513 (BGRA8)
[2016.01.30-17.00.00:730][909]LogTexture:Display: Building textures: ShadowMapTexture2D_514 (BGRA8)
[2016.01.30-17.00.00:731][909]LogTexture:Display: Building textures: ShadowMapTexture2D_515 (BGRA8)
[2016.01.30-17.00.00:732][909]LogTexture:Display: Building textures: ShadowMapTexture2D_516 (BGRA8)
[2016.01.30-17.00.00:733][909]LogTexture:Display: Building textures: ShadowMapTexture2D_517 (BGRA8)
[2016.01.30-17.00.00:733][909]LogTexture:Display: Building textures: ShadowMapTexture2D_518 (BGRA8)
[2016.01.30-17.00.00:734][909]LogTexture:Display: Building textures: ShadowMapTexture2D_519 (BGRA8)
[2016.01.30-17.00.00:748][909]LogTexture:Display: Building textures: ShadowMapTexture2D_520 (BGRA8)
[2016.01.30-17.00.00:790][909]LogTexture:Display: Building textures: ShadowMapTexture2D_521 (BGRA8)
[2016.01.30-17.00.00:790][909]LogTexture:Display: Building textures: ShadowMapTexture2D_522 (BGRA8)
[2016.01.30-17.00.00:791][909]LogTexture:Display: Building textures: ShadowMapTexture2D_523 (BGRA8)
[2016.01.30-17.00.00:792][909]LogTexture:Display: Building textures: ShadowMapTexture2D_524 (BGRA8)
[2016.01.30-17.00.00:793][909]LogTexture:Display: Building textures: ShadowMapTexture2D_525 (BGRA8)
[2016.01.30-17.00.00:794][909]LogTexture:Display: Building textures: ShadowMapTexture2D_526 (BGRA8)
[2016.01.30-17.00.00:794][909]LogTexture:Display: Building textures: ShadowMapTexture2D_527 (BGRA8)
[2016.01.30-17.00.00:795][909]LogTexture:Display: Building textures: ShadowMapTexture2D_528 (BGRA8)
[2016.01.30-17.00.00:796][909]LogTexture:Display: Building textures: ShadowMapTexture2D_529 (BGRA8)
[2016.01.30-17.00.00:797][909]LogTexture:Display: Building textures: ShadowMapTexture2D_530 (BGRA8)
[2016.01.30-17.00.00:797][909]LogTexture:Display: Building textures: ShadowMapTexture2D_531 (BGRA8)
[2016.01.30-17.00.00:798][909]LogTexture:Display: Building textures: ShadowMapTexture2D_532 (BGRA8)
[2016.01.30-17.00.00:799][909]LogTexture:Display: Building textures: ShadowMapTexture2D_533 (BGRA8)
[2016.01.30-17.00.00:799][909]LogTexture:Display: Building textures: ShadowMapTexture2D_534 (BGRA8)
[2016.01.30-17.00.00:800][909]LogTexture:Display: Building textures: ShadowMapTexture2D_535 (BGRA8)
[2016.01.30-17.00.00:801][909]LogTexture:Display: Building textures: ShadowMapTexture2D_536 (BGRA8)
[2016.01.30-17.00.00:801][909]LogTexture:Display: Building textures: ShadowMapTexture2D_537 (BGRA8)
[2016.01.30-17.00.00:802][909]LogTexture:Display: Building textures: ShadowMapTexture2D_538 (BGRA8)
[2016.01.30-17.00.00:804][909]LogTexture:Display: Building textures: ShadowMapTexture2D_539 (BGRA8)
[2016.01.30-17.00.00:805][909]LogTexture:Display: Building textures: ShadowMapTexture2D_540 (BGRA8)
[2016.01.30-17.00.00:805][909]LogTexture:Display: Building textures: ShadowMapTexture2D_541 (BGRA8)
[2016.01.30-17.00.00:806][909]LogTexture:Display: Building textures: ShadowMapTexture2D_542 (BGRA8)
[2016.01.30-17.00.00:806][909]LogTexture:Display: Building textures: ShadowMapTexture2D_543 (BGRA8)
[2016.01.30-17.00.00:806][909]LogTexture:Display: Building textures: ShadowMapTexture2D_544 (BGRA8)
[2016.01.30-17.00.00:807][909]LogTexture:Display: Building textures: ShadowMapTexture2D_545 (BGRA8)
[2016.01.30-17.00.00:807][909]LogTexture:Display: Building textures: ShadowMapTexture2D_546 (BGRA8)
[2016.01.30-17.00.00:808][909]LogTexture:Display: Building textures: ShadowMapTexture2D_547 (BGRA8)
[2016.01.30-17.00.00:808][909]LogTexture:Display: Building textures: ShadowMapTexture2D_548 (BGRA8)
[2016.01.30-17.00.00:809][909]LogTexture:Display: Building textures: ShadowMapTexture2D_549 (BGRA8)
[2016.01.30-17.00.00:809][909]LogTexture:Display: Building textures: ShadowMapTexture2D_550 (BGRA8)
[2016.01.30-17.00.00:810][909]LogTexture:Display: Building textures: ShadowMapTexture2D_551 (BGRA8)
[2016.01.30-17.00.00:810][909]LogTexture:Display: Building textures: ShadowMapTexture2D_552 (BGRA8)
[2016.01.30-17.00.00:810][909]LogTexture:Display: Building textures: ShadowMapTexture2D_553 (BGRA8)
[2016.01.30-17.00.00:811][909]LogTexture:Display: Building textures: ShadowMapTexture2D_554 (BGRA8)
[2016.01.30-17.00.00:811][909]LogTexture:Display: Building textures: ShadowMapTexture2D_555 (BGRA8)
[2016.01.30-17.00.00:812][909]LogTexture:Display: Building textures: ShadowMapTexture2D_556 (BGRA8)
[2016.01.30-17.00.00:812][909]LogTexture:Display: Building textures: ShadowMapTexture2D_557 (BGRA8)
[2016.01.30-17.00.00:813][909]LogTexture:Display: Building textures: ShadowMapTexture2D_558 (BGRA8)
[2016.01.30-17.00.00:813][909]LogTexture:Display: Building textures: ShadowMapTexture2D_559 (BGRA8)
[2016.01.30-17.00.00:814][909]LogTexture:Display: Building textures: ShadowMapTexture2D_560 (BGRA8)
[2016.01.30-17.00.00:814][909]LogTexture:Display: Building textures: ShadowMapTexture2D_561 (BGRA8)
[2016.01.30-17.00.00:814][909]LogTexture:Display: Building textures: ShadowMapTexture2D_562 (BGRA8)
[2016.01.30-17.00.00:815][909]LogTexture:Display: Building textures: ShadowMapTexture2D_563 (BGRA8)
[2016.01.30-17.00.00:815][909]LogTexture:Display: Building textures: ShadowMapTexture2D_564 (BGRA8)
[2016.01.30-17.00.00:816][909]LogTexture:Display: Building textures: ShadowMapTexture2D_565 (BGRA8)
[2016.01.30-17.00.00:816][909]LogTexture:Display: Building textures: ShadowMapTexture2D_566 (BGRA8)
[2016.01.30-17.00.00:817][909]LogTexture:Display: Building textures: ShadowMapTexture2D_567 (BGRA8)
[2016.01.30-17.00.00:817][909]LogTexture:Display: Building textures: ShadowMapTexture2D_568 (BGRA8)
[2016.01.30-17.00.00:817][909]LogTexture:Display: Building textures: ShadowMapTexture2D_569 (BGRA8)
[2016.01.30-17.00.00:818][909]LogTexture:Display: Building textures: ShadowMapTexture2D_570 (BGRA8)
[2016.01.30-17.00.00:818][909]LogTexture:Display: Building textures: ShadowMapTexture2D_571 (BGRA8)
[2016.01.30-17.00.00:819][909]LogTexture:Display: Building textures: ShadowMapTexture2D_572 (BGRA8)
[2016.01.30-17.00.00:819][909]LogTexture:Display: Building textures: ShadowMapTexture2D_573 (BGRA8)
[2016.01.30-17.00.00:819][909]LogTexture:Display: Building textures: ShadowMapTexture2D_574 (BGRA8)
[2016.01.30-17.00.00:820][909]LogTexture:Display: Building textures: ShadowMapTexture2D_575 (BGRA8)
[2016.01.30-17.00.00:820][909]LogTexture:Display: Building textures: ShadowMapTexture2D_576 (BGRA8)
[2016.01.30-17.00.00:821][909]LogTexture:Display: Building textures: ShadowMapTexture2D_577 (BGRA8)
[2016.01.30-17.00.00:821][909]LogTexture:Display: Building textures: ShadowMapTexture2D_578 (BGRA8)
[2016.01.30-17.00.00:824][909]LogTexture:Display: Building textures: ShadowMapTexture2D_579 (BGRA8)
[2016.01.30-17.00.00:825][909]LogTexture:Display: Building textures: ShadowMapTexture2D_580 (BGRA8)
[2016.01.30-17.00.00:825][909]LogTexture:Display: Building textures: ShadowMapTexture2D_581 (BGRA8)
[2016.01.30-17.00.00:826][909]LogTexture:Display: Building textures: ShadowMapTexture2D_582 (BGRA8)
[2016.01.30-17.00.00:826][909]LogTexture:Display: Building textures: ShadowMapTexture2D_583 (BGRA8)
[2016.01.30-17.00.00:827][909]LogTexture:Display: Building textures: ShadowMapTexture2D_584 (BGRA8)
[2016.01.30-17.00.02:779][909]Cmd: MAP LOAD FILE="F:/OOPS/GlobalGameJam2016-master/MyProject/Content/gamejam/SpookTown.umap" TEMPLATE=0 SHOWPROGRESS=1 FEATURELEVEL=3
[2016.01.30-17.00.02:779][909]LightingResults: New page: Lighting Build
[2016.01.30-17.00.02:860][909]LoadErrors: New page: Loading map: SpookTown.umap
[2016.01.30-17.00.02:863][909]MapCheck: New page: Map Check
[2016.01.30-17.00.02:863][909]LightingResults: New page: Lighting Build
[2016.01.30-17.00.02:879][909]LogParticles: Destroying 0 GPU particle simulations for FXSystem 0x0000001EBFCD1A80
[2016.01.30-17.00.02:986][909]LogEditorServer: Finished looking for orphan Actors (0.000 secs)
[2016.01.30-17.00.02:986][909]LogAIModule: Creating AISystem for world SpookTown
[2016.01.30-17.00.03:100][909]Cmd: MAP CHECKDEP
[2016.01.30-17.00.03:100][909]MapCheck: New page: SpookTown - Jan 30, 2016, 7:00:03 AM
[2016.01.30-17.00.04:923][909]MapCheck: Info Map check complete: 0 Error(s), 0 Warning(s), took 1,822.814ms to complete.
[2016.01.30-17.00.04:928][909]LogFileHelpers: Loading map 'SpookTown' took 2.153
[2016.01.30-17.00.05:007][910]Cmd: UpdateLandscapeEditorData -warnings
[2016.01.30-17.00.05:008][910]Cmd: UpdateLandscapeEditorData
[2016.01.30-17.00.36:336][682]Cmd: QUIT_EDITOR
[2016.01.30-17.00.39:868][682]LogExit: Preparing to exit.
[2016.01.30-17.00.41:696][682]LogExit: Editor shut down
[2016.01.30-17.00.41:697][682]LogExit: Transaction tracking system shut down
[2016.01.30-17.00.41:698][682]LogParticles: Destroying 0 GPU particle simulations for FXSystem 0x0000001ED51E23E0
[2016.01.30-17.00.41:698][682]LogParticles: Destroying 0 GPU particle simulations for FXSystem 0x0000001ED4AEFD80
[2016.01.30-17.00.41:698][682]LogParticles: Destroying 0 GPU particle simulations for FXSystem 0x0000001ED8D0DEE0
[2016.01.30-17.00.41:698][682]LogParticles: Destroying 0 GPU particle simulations for FXSystem 0x0000001EC5686660
[2016.01.30-17.00.41:772][682]LogExit: Object subsystem successfully closed.
[2016.01.30-17.00.41:857][682]LogModuleManager: Shutting down and abandoning module CrashTracker (177)
[2016.01.30-17.00.41:857][682]LogModuleManager: Shutting down and abandoning module SuperSearch (176)
[2016.01.30-17.00.41:857][682]LogModuleManager: Shutting down and abandoning module SceneOutliner (175)
[2016.01.30-17.00.41:857][682]LogModuleManager: Shutting down and abandoning module EditorWidgets (174)
[2016.01.30-17.00.41:857][682]LogModuleManager: Shutting down and abandoning module CollectionManager (173)
[2016.01.30-17.00.41:857][682]LogModuleManager: Shutting down and abandoning module StatsViewer (172)
[2016.01.30-17.00.41:857][682]LogModuleManager: Shutting down and abandoning module FoliageEdit (171)
[2016.01.30-17.00.41:857][682]LogModuleManager: Shutting down and abandoning module LandscapeEditor (170)
[2016.01.30-17.00.41:857][682]LogModuleManager: Shutting down and abandoning module MeshPaint (169)
[2016.01.30-17.00.41:857][682]LogModuleManager: Shutting down and abandoning module ActorPickerMode (168)
[2016.01.30-17.00.41:857][682]LogModuleManager: Shutting down and abandoning module GeometryMode (167)
[2016.01.30-17.00.41:857][682]LogModuleManager: Shutting down and abandoning module TextureAlignMode (166)
[2016.01.30-17.00.41:857][682]LogModuleManager: Shutting down and abandoning module BspMode (165)
[2016.01.30-17.00.41:857][682]LogModuleManager: Shutting down and abandoning module PlacementMode (164)
[2016.01.30-17.00.41:857][682]LogModuleManager: Shutting down and abandoning module AutomationWorker (163)
[2016.01.30-17.00.43:476][682]LogModuleManager: Shutting down and abandoning module CharacterAI (162)
[2016.01.30-17.00.43:476][682]LogModuleManager: Shutting down and abandoning module SmartSnapping (161)
[2016.01.30-17.00.43:476][682]LogModuleManager: Shutting down and abandoning module ViewportSnapping (160)
[2016.01.30-17.00.43:476][682]LogModuleManager: Shutting down and abandoning module LogVisualizer (159)
[2016.01.30-17.00.43:476][682]LogModuleManager: Shutting down and abandoning module GameProjectGeneration (158)
[2016.01.30-17.00.43:476][682]LogModuleManager: Shutting down and abandoning module IntroTutorials (157)
[2016.01.30-17.00.43:476][682]LogModuleManager: Shutting down and abandoning module EditorLiveStreaming (156)
[2016.01.30-17.00.43:476][682]LogModuleManager: Shutting down and abandoning module HardwareTargeting (155)
[2016.01.30-17.00.43:476][682]LogModuleManager: Shutting down and abandoning module DeviceProfileEditor (154)
[2016.01.30-17.00.43:476][682]LogModuleManager: Shutting down and abandoning module UndoHistory (153)
[2016.01.30-17.00.43:476][682]LogModuleManager: Shutting down and abandoning module GameplayTagsEditor (152)
[2016.01.30-17.00.43:476][682]LogModuleManager: Shutting down and abandoning module UserFeedback (151)
[2016.01.30-17.00.43:476][682]LogModuleManager: Shutting down and abandoning module XmlParser (150)
[2016.01.30-17.00.43:476][682]LogModuleManager: Shutting down and abandoning module Blutility (149)
[2016.01.30-17.00.43:476][682]LogModuleManager: Shutting down and abandoning module IOSPlatformEditor (148)
[2016.01.30-17.00.43:476][682]LogModuleManager: Shutting down and abandoning module IOSRuntimeSettings (147)
[2016.01.30-17.00.43:476][682]LogModuleManager: Shutting down and abandoning module AndroidDeviceDetection (146)
[2016.01.30-17.00.43:681][682]LogModuleManager: Shutting down and abandoning module AndroidPlatformEditor (145)
[2016.01.30-17.00.43:681][682]LogModuleManager: Shutting down and abandoning module AndroidRuntimeSettings (144)
[2016.01.30-17.00.43:681][682]LogModuleManager: Shutting down and abandoning module ProjectTargetPlatformEditor (143)
[2016.01.30-17.00.43:681][682]LogModuleManager: Shutting down and abandoning module ProjectSettingsViewer (142)
[2016.01.30-17.00.43:681][682]LogModuleManager: Shutting down and abandoning module InputBindingEditor (141)
[2016.01.30-17.00.43:681][682]LogModuleManager: Shutting down and abandoning module EditorSettingsViewer (140)
[2016.01.30-17.00.43:682][682]LogModuleManager: Shutting down and abandoning module SettingsEditor (139)
[2016.01.30-17.00.43:682][682]LogModuleManager: Shutting down and abandoning module ProjectLauncher (138)
[2016.01.30-17.00.43:682][682]LogModuleManager: Shutting down and abandoning module SessionFrontend (137)
[2016.01.30-17.00.43:682][682]LogModuleManager: Shutting down and abandoning module ProfilerClient (136)
[2016.01.30-17.00.43:682][682]LogModuleManager: Shutting down and abandoning module TargetDeviceServices (135)
[2016.01.30-17.00.43:682][682]LogModuleManager: Shutting down and abandoning module DeviceManager (134)
[2016.01.30-17.00.43:682][682]LogModuleManager: Shutting down and abandoning module AutomationController (133)
[2016.01.30-17.00.43:682][682]LogModuleManager: Shutting down and abandoning module AutomationWindow (132)
[2016.01.30-17.00.43:682][682]LogModuleManager: Shutting down and abandoning module Layers (131)
[2016.01.30-17.00.43:682][682]LogModuleManager: Shutting down and abandoning module ComponentVisualizers (130)
[2016.01.30-17.00.43:682][682]LogModuleManager: Shutting down and abandoning module DetailCustomizations (129)
[2016.01.30-17.00.43:682][682]LogModuleManager: Shutting down and abandoning module PackagesDialog (128)
[2016.01.30-17.00.43:682][682]LogModuleManager: Shutting down and abandoning module AssetRegistry (127)
[2016.01.30-17.00.46:533][682]LogModuleManager: Shutting down and abandoning module Persona (126)
[2016.01.30-17.00.46:533][682]LogModuleManager: Shutting down and abandoning module SlateReflector (125)
[2016.01.30-17.00.46:541][682]LogModuleManager: Shutting down and abandoning module LevelEditor (124)
[2016.01.30-17.00.46:542][682]LogModuleManager: Shutting down and abandoning module Kismet (123)
[2016.01.30-17.00.46:542][682]LogModuleManager: Shutting down and abandoning module GraphEditor (122)
[2016.01.30-17.00.46:543][682]LogModuleManager: Shutting down and abandoning module ClassViewer (121)
[2016.01.30-17.00.46:543][682]LogModuleManager: Shutting down and abandoning module Toolbox (120)
[2016.01.30-17.00.46:543][682]LogModuleManager: Shutting down and abandoning module ModuleUI (119)
[2016.01.30-17.00.46:543][682]LogModuleManager: Shutting down and abandoning module MovieSceneTools (118)
[2016.01.30-17.00.46:543][682]LogModuleManager: Shutting down and abandoning module OutputLog (117)
[2016.01.30-17.00.46:543][682]LogModuleManager: Shutting down and abandoning module GammaUI (116)
[2016.01.30-17.00.46:543][682]LogModuleManager: Shutting down and abandoning module Documentation (115)
[2016.01.30-17.00.46:543][682]LogModuleManager: Shutting down and abandoning module GameLiveStreaming (114)
[2016.01.30-17.00.46:543][682]LogModuleManager: Shutting down and abandoning module StreamingPauseRendering (113)
[2016.01.30-17.00.46:543][682]LogModuleManager: Shutting down and abandoning module HTTP (112)
[2016.01.30-17.00.46:543][682]LogModuleManager: Shutting down and abandoning module AnalyticsET (111)
[2016.01.30-17.00.46:543][682]LogModuleManager: Shutting down and abandoning module Analytics (110)
[2016.01.30-17.00.46:543][682]LogModuleManager: Shutting down and abandoning module AITestSuite (109)
[2016.01.30-17.00.46:543][682]LogModuleManager: Shutting down and abandoning module GameplayDebugger (108)
[2016.01.30-17.00.46:543][682]LogModuleManager: Shutting down and abandoning module AIModule (107)
[2016.01.30-17.00.46:543][682]LogModuleManager: Shutting down and abandoning module ProfilerService (106)
[2016.01.30-17.00.46:621][682]LogModuleManager: Shutting down and abandoning module TaskGraph (105)
[2016.01.30-17.00.46:621][682]LogModuleManager: Shutting down and abandoning module SlateRemote (104)
[2016.01.30-17.00.46:621][682]LogModuleManager: Shutting down and abandoning module ScriptEditorPlugin (103)
[2016.01.30-17.00.46:621][682]LogModuleManager: Shutting down and abandoning module CustomMeshComponent (102)
[2016.01.30-17.00.46:621][682]LogModuleManager: Shutting down and abandoning module CableComponent (101)
[2016.01.30-17.00.46:621][682]LogModuleManager: Shutting down and abandoning module MessagingDebugger (100)
[2016.01.30-17.00.46:621][682]LogModuleManager: Shutting down and abandoning module MediaPlayerEditor (99)
[2016.01.30-17.00.46:621][682]LogModuleManager: Shutting down and abandoning module SpeedTreeImporter (98)
[2016.01.30-17.00.46:621][682]LogModuleManager: Shutting down and abandoning module PluginsEditor (97)
[2016.01.30-17.00.46:621][682]LogModuleManager: Shutting down and abandoning module MainFrame (96)
[2016.01.30-17.00.46:621][682]LogModuleManager: Shutting down and abandoning module EpicSurvey (95)
[2016.01.30-17.00.46:622][682]LogModuleManager: Shutting down and abandoning module DesktopPlatform (94)
[2016.01.30-17.00.46:622][682]LogModuleManager: Shutting down and abandoning module DirectoryWatcher (93)
[2016.01.30-17.00.46:622][682]LogModuleManager: Shutting down and abandoning module HotReload (92)
[2016.01.30-17.00.46:622][682]LogModuleManager: Shutting down and abandoning module VisualStudioSourceCodeAccess (91)
[2016.01.30-17.00.46:622][682]LogModuleManager: Shutting down and abandoning module UObjectPlugin (90)
[2016.01.30-17.00.46:622][682]LogModuleManager: Shutting down and abandoning module SubversionSourceControl (89)
[2016.01.30-17.00.46:622][682]LogModuleManager: Shutting down and abandoning module PerforceSourceControl (88)
[2016.01.30-17.00.46:622][682]LogModuleManager: Shutting down and abandoning module SourceControl (87)
[2016.01.30-17.00.46:622][682]LogModuleManager: Shutting down and abandoning module GitSourceControl (86)
[2016.01.30-17.00.46:626][682]LogModuleManager: Shutting down and abandoning module BlankPlugin (85)
[2016.01.30-17.00.46:626][682]LogModuleManager: Shutting down and abandoning module PaperTiledImporter (84)
[2016.01.30-17.00.46:626][682]LogModuleManager: Shutting down and abandoning module PaperJsonImporter (83)
[2016.01.30-17.00.46:626][682]LogModuleManager: Shutting down and abandoning module ContentBrowser (82)
[2016.01.30-17.00.46:627][682]LogModuleManager: Shutting down and abandoning module Paper2DEditor (81)
[2016.01.30-17.00.46:627][682]LogModuleManager: Shutting down and abandoning module ScriptPlugin (80)
[2016.01.30-17.00.46:627][682]LogModuleManager: Shutting down and abandoning module UdpMessaging (79)
[2016.01.30-17.00.46:728][682]LogModuleManager: Shutting down and abandoning module Paper2D (78)
[2016.01.30-17.00.46:728][682]LogModuleManager: Shutting down and abandoning module WindowsMoviePlayer (77)
[2016.01.30-17.00.46:732][682]LogModuleManager: Shutting down and abandoning module Media (76)
[2016.01.30-17.00.46:732][682]LogModuleManager: Shutting down and abandoning module WmfMedia (75)
[2016.01.30-17.00.46:732][682]LogModuleManager: Shutting down and abandoning module OnlineBlueprintSupport (74)
[2016.01.30-17.00.46:732][682]LogModuleManager: Shutting down and abandoning module PropertyEditor (73)
[2016.01.30-17.00.46:732][682]LogModuleManager: Shutting down and abandoning module BehaviorTreeEditor (72)
[2016.01.30-17.00.46:732][682]LogModuleManager: Shutting down and abandoning module FunctionalTesting (71)
[2016.01.30-17.00.46:732][682]LogModuleManager: Shutting down and abandoning module CollisionAnalyzer (70)
[2016.01.30-17.00.46:732][682]LogModuleManager: Shutting down and abandoning module WorkspaceMenuStructure (69)
[2016.01.30-17.00.46:732][682]LogModuleManager: Shutting down and abandoning module MessageLog (68)
[2016.01.30-17.00.46:732][682]LogModuleManager: Shutting down and abandoning module Sequencer (67)
[2016.01.30-17.00.46:732][682]LogModuleManager: Shutting down and abandoning module AssetTools (66)
[2016.01.30-17.00.46:732][682]LogModuleManager: Shutting down and abandoning module UMGEditor (65)
[2016.01.30-17.00.46:732][682]LogModuleManager: Shutting down and abandoning module UMG (64)
[2016.01.30-17.00.46:732][682]LogModuleManager: Shutting down and abandoning module Slate (63)
[2016.01.30-17.00.46:732][682]LogModuleManager: Shutting down and abandoning module EditorStyle (62)
[2016.01.30-17.00.46:740][682]LogModuleManager: Shutting down and abandoning module SessionServices (61)
[2016.01.30-17.00.46:740][682]LogModuleManager: Shutting down and abandoning module SourceCodeAccess (60)
[2016.01.30-17.00.46:740][682]LogModuleManager: Shutting down and abandoning module HeadMountedDisplay (59)
[2016.01.30-17.00.46:740][682]LogModuleManager: Shutting down and abandoning module XAudio2 (58)
[2016.01.30-17.00.46:740][682]LogModuleManager: Shutting down and abandoning module Networking (56)
[2016.01.30-17.00.46:740][682]LogModuleManager: Shutting down and abandoning module Core (55)
[2016.01.30-17.00.46:740][682]LogModuleManager: Shutting down and abandoning module KismetCompiler (54)
[2016.01.30-17.00.46:740][682]LogModuleManager: Shutting down and abandoning module PhysXFormats (53)
[2016.01.30-17.00.46:740][682]LogModuleManager: Shutting down and abandoning module MeshUtilities (52)
[2016.01.30-17.00.46:740][682]LogModuleManager: Shutting down and abandoning module DerivedDataCache (51)
[2016.01.30-17.00.46:817][682]LogDerivedDataCache: Shutdown
[2016.01.30-17.00.46:817][682]LogModuleManager: Shutting down and abandoning module ShaderFormatOpenGL (50)
[2016.01.30-17.00.46:817][682]LogModuleManager: Shutting down and abandoning module ShaderFormatD3D (49)
[2016.01.30-17.00.46:817][682]LogModuleManager: Shutting down and abandoning module MetalShaderFormat (48)
[2016.01.30-17.00.46:817][682]LogModuleManager: Shutting down and abandoning module TextureFormatUncompressed (47)
[2016.01.30-17.00.48:398][682]LogModuleManager: Shutting down and abandoning module TextureFormatPVR (46)
[2016.01.30-17.00.48:398][682]LogModuleManager: Shutting down and abandoning module TextureFormatIntelISPCTexComp (45)
[2016.01.30-17.00.48:398][682]LogModuleManager: Shutting down and abandoning module TextureFormatDXT (44)
[2016.01.30-17.00.48:398][682]LogModuleManager: Shutting down and abandoning module ImageWrapper (43)
[2016.01.30-17.00.48:398][682]LogModuleManager: Shutting down and abandoning module TextureFormatASTC (42)
[2016.01.30-17.00.48:399][682]LogModuleManager: Shutting down and abandoning module TextureFormatAndroid (41)
[2016.01.30-17.00.48:399][682]LogModuleManager: Shutting down and abandoning module AudioFormatOpus (40)
[2016.01.30-17.00.48:399][682]LogModuleManager: Shutting down and abandoning module AudioFormatOgg (39)
[2016.01.30-17.00.48:399][682]LogModuleManager: Shutting down and abandoning module AudioFormatADPCM (38)
[2016.01.30-17.00.48:399][682]LogModuleManager: Shutting down and abandoning module LinuxTargetPlatform (37)
[2016.01.30-17.00.48:399][682]LogModuleManager: Shutting down and abandoning module LinuxServerTargetPlatform (36)
[2016.01.30-17.00.48:399][682]LogModuleManager: Shutting down and abandoning module LinuxNoEditorTargetPlatform (35)
[2016.01.30-17.00.48:399][682]LogModuleManager: Shutting down and abandoning module Messaging (34)
[2016.01.30-17.00.48:399][682]LogModuleManager: Shutting down and abandoning module IOSTargetPlatform (33)
[2016.01.30-17.00.48:399][682]LogModuleManager: Shutting down and abandoning module HTML5TargetPlatform (32)
[2016.01.30-17.00.48:399][682]LogModuleManager: Shutting down and abandoning module Android_PVRTCTargetPlatform (31)
[2016.01.30-17.00.48:399][682]LogModuleManager: Shutting down and abandoning module Android_ETC2TargetPlatform (30)
[2016.01.30-17.00.48:399][682]LogModuleManager: Shutting down and abandoning module Android_ETC1TargetPlatform (29)
[2016.01.30-17.00.48:399][682]LogModuleManager: Shutting down and abandoning module Android_ES31TargetPlatform (28)
[2016.01.30-17.00.48:399][682]LogModuleManager: Shutting down and abandoning module Android_DXTTargetPlatform (27)
[2016.01.30-17.00.48:399][682]LogModuleManager: Shutting down and abandoning module Android_ATCTargetPlatform (26)
[2016.01.30-17.00.48:399][682]LogModuleManager: Shutting down and abandoning module AndroidTargetPlatform (25)
[2016.01.30-17.00.48:399][682]LogModuleManager: Shutting down and abandoning module WindowsTargetPlatform (24)
[2016.01.30-17.00.48:399][682]LogModuleManager: Shutting down and abandoning module WindowsServerTargetPlatform (23)
[2016.01.30-17.00.48:399][682]LogModuleManager: Shutting down and abandoning module WindowsNoEditorTargetPlatform (22)
[2016.01.30-17.00.48:399][682]LogModuleManager: Shutting down and abandoning module WindowsClientTargetPlatform (21)
[2016.01.30-17.00.48:399][682]LogModuleManager: Shutting down and abandoning module TargetPlatform (20)
[2016.01.30-17.00.48:399][682]LogModuleManager: Shutting down and abandoning module InputCore (19)
[2016.01.30-17.00.48:399][682]LogModuleManager: Shutting down and abandoning module Settings (18)
[2016.01.30-17.00.48:399][682]LogModuleManager: Shutting down and abandoning module OnlineSubsystem (16)
[2016.01.30-17.00.48:399][682]LogModuleManager: Shutting down and abandoning module OculusRift (15)
[2016.01.30-17.00.48:399][682]LogModuleManager: Shutting down and abandoning module ExampleDeviceProfileSelector (14)
[2016.01.30-17.00.48:399][682]LogModuleManager: Shutting down and abandoning module TextureCompressor (13)
[2016.01.30-17.00.48:399][682]LogModuleManager: Shutting down and abandoning module ShaderCore (12)
[2016.01.30-17.00.48:399][682]LogModuleManager: Shutting down and abandoning module Landscape (11)
[2016.01.30-17.00.48:399][682]LogModuleManager: Shutting down and abandoning module SlateRHIRenderer (10)
[2016.01.30-17.00.48:402][682]LogModuleManager: Shutting down and abandoning module OpenGLDrv (9)
[2016.01.30-17.00.48:402][682]LogModuleManager: Shutting down and abandoning module D3D11RHI (8)
[2016.01.30-17.00.48:404][682]LogModuleManager: Shutting down and abandoning module Renderer (7)
[2016.01.30-17.00.48:404][682]LogModuleManager: Shutting down and abandoning module Engine (6)
[2016.01.30-17.00.48:404][682]LogModuleManager: Shutting down and abandoning module CoreUObject (5)
[2016.01.30-17.00.48:404][682]LogModuleManager: Shutting down and abandoning module NetworkFile (4)
[2016.01.30-17.00.48:404][682]LogModuleManager: Shutting down and abandoning module StreamingFile (3)
[2016.01.30-17.00.48:404][682]LogModuleManager: Shutting down and abandoning module SandboxFile (2)
[2016.01.30-17.00.48:404][682]LogModuleManager: Shutting down and abandoning module PakFile (1)
[2016.01.30-17.00.48:405][682]LogExit: Exiting.
[2016.01.30-17.00.48:907][682]Log file closed, 01/30/16 12:00:48
