Log file open, 01/30/16 17:39:47
LogInit:Display: Running engine for game: MyProject
LogInit: Version: 4.7.6-2513093+++depot+UE4-Releases+4.7
LogInit: API Version: 2455222
LogInit: Compiled (64-bit): Apr 15 2015 12:09:54
LogInit: Compiled with Visual C++: 18.00.21005.01
LogInit: Build Configuration: Development
LogInit: Branch Name: ++depot+UE4-Releases+4.7
LogInit: Command line:  
LogInit: Base directory: C:/Program Files/Epic Games/4.7/Engine/Binaries/Win64/
LogInit: Rocket: 1
[2016.01.30-22.39.47:603][  0]LogTaskGraph: Started task graph with 3 named threads and 6 total threads.
[2016.01.30-22.39.47:673][  0]LogOnline:Warning: No default platform service specified for OnlineSubsystem
[2016.01.30-22.39.47:696][  0]LogInit: Presizing for 0 objects not considered by GC, pre-allocating 0 bytes.
[2016.01.30-22.39.47:705][  0]LogInit: Object subsystem initialized
[2016.01.30-22.39.47:706][  0]LogConsoleResponse:Warning: Skipping Unknown console variable: 'TranslucentSortAxis = (X=0.000000,Y=-1.000000,Z=0.000000)'
[2016.01.30-22.39.47:706][  0]LogConsoleResponse:Warning:   Found in ini file 'C:/Users/stam0110/Desktop/New folder/MyProject/Saved/Config/Windows/Engine.ini', in section '[/Script/Engine.RendererSettings]'
[2016.01.30-22.39.47:706][  0]LogConsoleResponse:Warning: Skipping Unknown console variable: 'UIScaleRule = ShortestSide'
[2016.01.30-22.39.47:706][  0]LogConsoleResponse:Warning:   Found in ini file 'C:/Users/stam0110/Desktop/New folder/MyProject/Saved/Config/Windows/Engine.ini', in section '[/Script/Engine.RendererSettings]'
[2016.01.30-22.39.47:706][  0]LogConsoleResponse:Warning: Skipping Unknown console variable: 'UIScaleCurve = (EditorCurveData=(Keys=),ExternalCurve=None)'
[2016.01.30-22.39.47:706][  0]LogConsoleResponse:Warning:   Found in ini file 'C:/Users/stam0110/Desktop/New folder/MyProject/Saved/Config/Windows/Engine.ini', in section '[/Script/Engine.RendererSettings]'
[2016.01.30-22.39.47:707][  0]LogInit: Selected Device Profile: [Windows]
[2016.01.30-22.39.47:707][  0]LogInit: Applying CVar settings loaded from the selected device profile: [Windows]
[2016.01.30-22.39.47:715][  0]LogInit: Computer: WJ308-35
[2016.01.30-22.39.47:715][  0]LogInit: User: stam0110
[2016.01.30-22.39.47:715][  0]LogInit: CPU Page size=4096, Cores=4
[2016.01.30-22.39.47:715][  0]LogInit: High frequency timer resolution =3.331180 MHz
[2016.01.30-22.39.47:715][  0]LogMemory: Memory total: Physical=8.0GB (8GB approx) Virtual=131072.0GB
[2016.01.30-22.39.47:715][  0]LogMemory: Platform Memory Stats for Windows
[2016.01.30-22.39.47:715][  0]LogMemory: Process Physical Memory: 46.33 MB used, 46.33 MB peak
[2016.01.30-22.39.47:715][  0]LogMemory: Process Virtual Memory: 26.59 MB used, 26.59 MB peak
[2016.01.30-22.39.47:715][  0]LogMemory: Physical Memory: 3575.38 MB used, 8168.60 MB total
[2016.01.30-22.39.47:715][  0]LogMemory: Virtual Memory: 293.03 MB used, 134217728.00 MB total
[2016.01.30-22.39.47:748][  0]LogD3D11RHI: Found D3D11 adapter 0: NVIDIA GeForce GTX 580 (Feature Level 11_0)
[2016.01.30-22.39.47:748][  0]LogD3D11RHI: Adapter has 1484MB of dedicated video memory, 0MB of dedicated system memory, and 2559MB of shared system memory, 1 output[s]
[2016.01.30-22.39.47:749][  0]LogD3D11RHI: Found D3D11 adapter 1: Microsoft Basic Render Driver (Feature Level 11_0)
[2016.01.30-22.39.47:749][  0]LogD3D11RHI: Adapter has 0MB of dedicated video memory, 0MB of dedicated system memory, and 256MB of shared system memory, 0 output[s]
[2016.01.30-22.39.47:749][  0]LogD3D11RHI: Chosen D3D11 Adapter Id = 0
[2016.01.30-22.39.47:752][  0]LogRHI: Texture pool is 1039 MB (70% of 1484 MB)
[2016.01.30-22.39.47:760][  0]LogD3D11RHI: Async texture creation enabled
[2016.01.30-22.39.47:830][  0]LogTextLocalizationManager: The requested culture ('en_US') has no localization data; parent culture's ('en') localization data will be used.
[2016.01.30-22.39.47:885][  0]LogTextLocalizationManager:Warning: Loading localization resources contain conflicting entries for (Namespace:UICommands, Key:Save_ToolTip):
Resource: (C:/Program Files/Epic Games/4.7/Engine/Content/Localization/Editor/en/Editor.locres) Hash: (-29098895) String: (Saves the current level to disk)
Resource: (C:/Program Files/Epic Games/4.7/Engine/Content/Localization/Engine/en/Engine.locres) Hash: (-1280300587) String: (Save selected data to vlog file)
[2016.01.30-22.39.47:886][  0]LogTextLocalizationManager:Warning: Loading localization resources contain conflicting entries for (Namespace:ContentBrowser, Key:ImportAssetToolTip):
Resource: (C:/Program Files/Epic Games/4.7/Engine/Content/Localization/Editor/en/Editor.locres) Hash: (-630476809) String: (Import to {0}...)
Resource: (C:/Program Files/Epic Games/4.7/Engine/Content/Localization/Editor/en/Editor.locres) Hash: (1271782899) String: (Imports an asset from file to this folder.)
[2016.01.30-22.39.47:958][  0]LogContentStreaming: Texture pool size is 0.000000MB
[2016.01.30-22.39.50:155][  0]LogTargetPlatformManager:Display: Building Assets For Windows
[2016.01.30-22.39.50:680][  0]LogTargetPlatformManager:Display: Building Assets For Windows
[2016.01.30-22.39.50:744][  0]LogDerivedDataCache:Display: Max Cache Size: 512 MB
[2016.01.30-22.39.50:786][  0]LogDerivedDataCache: Loaded boot cache 0.04s 39MB C:/Users/stam0110/AppData/Local/UnrealEngine/4.7/DerivedDataCache/Boot.ddc.
[2016.01.30-22.39.50:786][  0]LogDerivedDataCache:Display: Loaded Boot cache: C:/Users/stam0110/AppData/Local/UnrealEngine/4.7/DerivedDataCache/Boot.ddc
[2016.01.30-22.39.50:786][  0]LogDerivedDataCache: FDerivedDataBackendGraph:  Pak pak cache file ../../../../../../Users/stam0110/Desktop/New folder/MyProject/DerivedDataCache/DDC.ddp not found, will not use a pak cache.
[2016.01.30-22.39.50:786][  0]LogDerivedDataCache: Unable to find inner node Pak for hierarchical cache Hierarchy.
[2016.01.30-22.39.50:900][  0]LogDerivedDataCache:Display: Pak cache opened for reading ../../../Engine/DerivedDataCache/Compressed.ddp.
[2016.01.30-22.39.50:913][  0]LogDerivedDataCache: Using Local data cache path C:/Users/stam0110/AppData/Local/UnrealEngine/Common/DerivedDataCache: Writable
[2016.01.30-22.39.51:255][  0]LogMeshUtilities: No automatic mesh reduction module available
[2016.01.30-22.39.51:255][  0]LogMeshUtilities: No automatic mesh merging module available
[2016.01.30-22.39.51:672][  0]LogInit: WinSock: version 1.1 (2.2), MaxSocks=32767, MaxUdp=65467
[2016.01.30-22.39.51:766][  0]LogSlate:Warning: Failed to load font data from '../../../Engine/Content/Slate/Fonts/Roboto-Italic.ttf'
[2016.01.30-22.39.53:126][  0]UdpMessaging: Initializing bridge on interface 0.0.0.0:0 to multicast group 230.0.0.1:6666.
[2016.01.30-22.39.53:340][  0]SourceControl: Info Source control is disabled
[2016.01.30-22.39.53:340][  0]SourceControl: Info Source control is disabled
[2016.01.30-22.39.53:340][  0]SourceControl: Info Source control is disabled
[2016.01.30-22.39.53:350][  0]LogSourceControl: RunCommandInternalRaw: 'git version'
[2016.01.30-22.39.53:356][  0]LogSourceControl: RunCommandInternalRaw: ExecProcess ReturnCode=0 OutResults='git version 1.9.5.msysgit.1
'
[2016.01.30-22.39.53:562][  0]LogObj: 24232 objects as part of root set at end of initial load.
[2016.01.30-22.39.53:562][  0]LogUObjectAllocator: 5137176 out of 0 bytes used by permanent object pool.
[2016.01.30-22.39.53:659][  0]LogEngine: Initializing Engine...
[2016.01.30-22.39.55:835][  0]LogInit: XAudio2 using 'Speakers (Realtek High Definition Audio)' : 2 channels at 48 kHz using 32 bits per sample (channel mask 0x3)
[2016.01.30-22.39.55:849][  0]LogInit: FAudioDevice initialized.
[2016.01.30-22.39.55:887][  0]LogAIModule: Creating AISystem for world NewWorld
[2016.01.30-22.39.55:906][  0]LogDerivedDataCache: Saved boot cache 0.02s 39MB C:/Users/stam0110/AppData/Local/UnrealEngine/4.7/DerivedDataCache/Boot.ddc.
[2016.01.30-22.39.55:940][  0]LogInit: Texture streaming: Enabled
[2016.01.30-22.39.56:056][  0]LogAnalytics: Creating configured Analytics provider AnalyticsET
[2016.01.30-22.39.56:056][  0]LogAnalytics: ET APIKey = Rocket.Release. APIServer = http://et2.epicgames.com/ET2/. AppVersion = 4.7.6-2513093+++depot+UE4-Releases+4.7
[2016.01.30-22.39.56:056][  0]LogAnalytics: ET APIKey = Rocket.Release. DataRouterUploadURL = https://datarouter-public-service-gamedev.ol.epicgames.net/datarouter/api/v1/public/data. AppVersion = 4.7.6-2513093+++depot+UE4-Releases+4.7
[2016.01.30-22.39.56:056][  0]LogAnalytics: SetUserId 722b65dd49885bf975768f8ae4182d96|c76c535f952540fda05d9cfb9630c207|a23a7434-7dea-4193-9fa8-be65c7aefdf8
[2016.01.30-22.39.56:056][  0]LogAnalytics: AnalyticsET::StartSession [Rocket.Release]
[2016.01.30-22.39.56:077][  0]LogInit: Transaction tracking system initialized
[2016.01.30-22.39.56:251][  0]BlueprintLog: New page: Editor Load
[2016.01.30-22.39.56:287][  0]LogAssetRegistry: FAssetRegistry took 0.0109 seconds to start up
[2016.01.30-22.39.56:287][  0]LogDirectoryWatcher:Warning: Failed to begin reading directory changes for ../../../Engine/Plugins/Experimental/CharacterAI/Content/. Error: 0
[2016.01.30-22.39.56:850][  0]LogTargetPlatformManager:Display: Building Assets For Windows
[2016.01.30-22.39.57:240][  0]LogTargetPlatformManager:Display: Building Assets For Windows
[2016.01.30-22.39.57:517][  0]LogSlate:Warning: Failed to load font data from '../../../Engine/Content/Editor/Slate/Fonts/Roboto-Regular.ttf'
[2016.01.30-22.39.57:517][  0]LogSlate:Warning: Failed to load font data from '../../../Engine/Content/Editor/Slate/Fonts/Roboto-Bold.ttf'
[2016.01.30-22.39.57:523][  0]LogConsoleResponse:Display: 
[2016.01.30-22.39.57:666][  0]LogCook:Display: Done creating registry. It took  0.00s.
[2016.01.30-22.39.57:831][  0]LogSourceControl: RunCommandInternalRaw: 'git version'
[2016.01.30-22.39.57:837][  0]LogSourceControl: RunCommandInternalRaw: ExecProcess ReturnCode=0 OutResults='git version 1.9.5.msysgit.1
'
[2016.01.30-22.39.57:838][  0]Cmd: MAP LOAD FILE="../../../../../../Users/stam0110/Desktop/New folder/MyProject/Content/gamejam/GlobalGameJam2016.umap" TEMPLATE=0 SHOWPROGRESS=1 FEATURELEVEL=3
[2016.01.30-22.39.57:839][  0]LightingResults: New page: Lighting Build
[2016.01.30-22.39.57:854][  0]MapCheck: New page: Map Check
[2016.01.30-22.39.57:854][  0]LightingResults: New page: Lighting Build
[2016.01.30-22.39.57:863][  0]LogParticles: Destroying 0 GPU particle simulations for FXSystem 0x000000AD0281C680
[2016.01.30-22.39.58:271][  0]LogEditorServer: Finished looking for orphan Actors (0.000 secs)
[2016.01.30-22.39.58:312][  0]LogAIModule: Creating AISystem for world GlobalGameJam2016
[2016.01.30-22.39.58:313][  0]Cmd: MAP CHECKDEP
[2016.01.30-22.39.58:313][  0]MapCheck: New page: GlobalGameJam2016 - Jan 30, 2016, 12:39:58 PM
[2016.01.30-22.39.58:422][  0]MapCheck: Info Map check complete: 0 Error(s), 0 Warning(s), took 108.693ms to complete.
[2016.01.30-22.39.58:422][  0]LogFileHelpers: Loading map 'GlobalGameJam2016' took 0.584
[2016.01.30-22.39.58:628][  0]LogSourceControl: RunCommandInternalRaw: 'git status'
[2016.01.30-22.39.58:628][  0]LogSourceControl: RunCommandInternalRaw: ExecProcess ReturnCode=0 OutResults='On branch master
Changes not staged for commit:
  (use "git add <file>..." to update what will be committed)
  (use "git checkout -- <file>..." to discard changes in working directory)

	modified:   MyProject/Intermediate/CachedAssetRegistry.bin
	modified:   MyProject/Intermediate/Config/CoalescedSourceConfigs/Engine.ini
	modified:   MyProject/Intermediate/Config/CoalescedSourceConfigs/Game.ini
	modified:   MyProject/Saved/AutoScreenshot.png
	modified:   MyProject/Saved/Autosaves/Game/gamejam/SpookTown_Auto1.umap
	modified:   MyProject/Saved/Autosaves/Game/gamejam/SpookTown_Auto2.umap
	modified:   MyProject/Saved/Config/Windows/Editor.ini
	modified:   MyProject/Saved/Config/Windows/EditorLayout.ini
	modified:   MyProject/Saved/Config/Windows/EditorUserSettings.ini
	modified:   MyProject/Saved/Config/Windows/Engine.ini
	modified:   MyProject/Saved/Config/WorldState/1581249074.json
	modified:   MyProject/Saved/Logs/MyProject.log

Untracked files:
  (use "git add <file>..." to include in what will be committed)

	MyProject/Saved/Autosaves/Game/Blueprints/
	MyProject/Saved/Autosaves/Game/ThirdPersonBP/Blueprints/ThirdPersonCharacter_Auto3.uasset
	MyProject/Saved/Backup/SpookTown_2016-01-30-14-53-52.umap
	MyProject/Saved/Backup/SpookTown_2016-01-30-15-07-02.umap
	MyProject/Saved/Backup/SpookTown_2016-01-30-15-21-42.umap
	MyProject/Saved/Backup/SpookTown_2016-01-30-15-31-32.umap
	MyProject/Saved/Backup/SpookTown_2016-01-30-15-40-23.umap
	MyProject/Saved/Backup/SpookTown_2016-01-30-15-57-06.umap
	MyProject/Saved/Backup/SpookTown_2016-01-30-17-08-59.umap
	MyProject/Saved/Backup/SpookTown_2016-01-30-17-19-02.umap
	MyProject/Saved/Backup/SpookTown_2016-01-30-17-32-11.umap
	MyProject/Saved/Backup/ThirdPersonCharacter2_2016-01-30-14-53-53.uasset
	MyProject/Saved/Backup/ThirdPersonCharacter2_2016-01-30-15-21-43.uasset
	MyProject/Saved/Backup/ThirdPersonCharacter2_2016-01-30-15-31-32.uasset
	MyProject/Saved/Backup/ThirdPersonCharacter2_2016-01-30-15-40-24.uasset
	MyProject/Saved/Backup/ThirdPersonCharacter2_2016-01-30-17-09-10.uasset
	MyProject/Saved/Backup/ThirdPersonCharacter_2016-01-30-17-19-03.uasset
	MyProject/Saved/Backup/ThirdPersonCharacter_2016-01-30-17-30-22.uasset
	MyProject/Saved/Logs/MyProject-backup-2016.01.30-14.47.25.log
	MyProject/Saved/Logs/MyProject-backup-2016.01.30-17.39.47.log
	MyProject/Saved/Logs/MyProject_2.log
	MyProject/Saved/Logs/MyProject_3.log

no changes added to commit (use "git add" and/or "git commit -a")
'
[2016.01.30-22.39.58:628][  0]LogSourceControl: RunCommandInternalRaw: 'git symbolic-ref --short HEAD'
[2016.01.30-22.39.58:628][  0]LogSourceControl: RunCommandInternalRaw: ExecProcess ReturnCode=0 OutResults='master
'
[2016.01.30-22.39.58:628][  0]LogCollectionManager: Loaded 0 collections in 0.001643 seconds
[2016.01.30-22.39.58:638][  0]LogContentBrowser: Native class hierarchy populated in 0.0091 seconds. Added 1697 classes and 263 folders.
[2016.01.30-22.39.58:680][  0]LogCrashTracker: Crashtracker disabled due to settings.
[2016.01.30-22.39.58:681][  0]LogSlate:Warning: Failed to load font data from 'Veranda'
[2016.01.30-22.39.58:687][  0]LogUObjectGlobals:Warning: Failed to find object 'Class None.'
[2016.01.30-22.39.58:713][  0]LogLoad: Full Startup: 12.95 seconds (BP compile: 0.05 seconds)
[2016.01.30-22.39.58:746][  0]LogContentBrowser:Verbose: The content browser source was changed by the sources view to '/Game/gamejam'
[2016.01.30-22.39.58:804][  0]SourceControl: Info master
[2016.01.30-22.39.58:877][  0]LogRenderer:Warning: Reallocating scene render targets to support 32x32 (Frame:2).
[2016.01.30-22.39.59:016][  0]LogRenderer:Warning: Reallocating scene render targets to support 1584x936 (Frame:6).
[2016.01.30-22.39.59:090][  1]Cmd: UpdateLandscapeEditorData -warnings
[2016.01.30-22.39.59:092][  1]Cmd: UpdateLandscapeEditorData
[2016.01.30-22.39.59:212][  4]LogAssetRegistry: Asset discovery search completed in 2.9361 seconds
[2016.01.30-22.39.59:905][ 54]LogSourceControl: RunCommandInternalRaw: 'git status --porcelain --ignored "C:/Users/stam0110/Desktop/New folder/MyProject/Content/gamejam/GlobalGameJam2016.umap"'
[2016.01.30-22.39.59:930][ 56]LogSourceControl: RunCommandInternalRaw: ExecProcess ReturnCode=0 OutResults=''
[2016.01.30-22.40.04:000][368]LogSourceControl: RunCommandInternalRaw: 'git status --porcelain --ignored "C:/Users/stam0110/Desktop/New folder/MyProject/Content/gamejam/Landscape.uasset" "C:/Users/stam0110/Desktop/New folder/MyProject/Content/gamejam/map_plan.uasset" "C:/Users/stam0110/Desktop/New folder/MyProject/Content/gamejam/map_plan_Mat.uasset" "C:/Users/stam0110/Desktop/New folder/MyProject/Content/gamejam/SpookTown.umap"'
[2016.01.30-22.40.04:026][370]LogSourceControl: RunCommandInternalRaw: ExecProcess ReturnCode=0 OutResults=''
[2016.01.30-22.40.15:072][219]LogLinker:Warning: Asset '../../../Engine/Content/EngineMeshes/Humanoid.uasset' has been saved with empty engine version. The asset will be loaded but may be incompatible.
[2016.01.30-22.40.16:520][219]Cmd: MAP LOAD FILE="../../../../../../Users/stam0110/Desktop/New folder/MyProject/Content/gamejam/SpookTown.umap" TEMPLATE=0 SHOWPROGRESS=1 FEATURELEVEL=3
[2016.01.30-22.40.16:520][219]LightingResults: New page: Lighting Build
[2016.01.30-22.40.16:554][219]LoadErrors: New page: Loading map: SpookTown.umap
[2016.01.30-22.40.16:555][219]MapCheck: New page: Map Check
[2016.01.30-22.40.16:555][219]LightingResults: New page: Lighting Build
[2016.01.30-22.40.16:565][219]LogParticles: Destroying 0 GPU particle simulations for FXSystem 0x000000AD7AD5DB20
[2016.01.30-22.40.16:648][219]LogEditorServer: Finished looking for orphan Actors (0.000 secs)
[2016.01.30-22.40.16:648][219]LogAIModule: Creating AISystem for world SpookTown
[2016.01.30-22.40.16:685][219]Cmd: MAP CHECKDEP
[2016.01.30-22.40.16:686][219]MapCheck: New page: SpookTown - Jan 30, 2016, 12:40:16 PM
[2016.01.30-22.40.16:796][219]MapCheck: Info Map check complete: 0 Error(s), 0 Warning(s), took 110.145ms to complete.
[2016.01.30-22.40.16:797][219]LogFileHelpers: Loading map 'SpookTown' took 0.280
[2016.01.30-22.40.16:853][220]Cmd: UpdateLandscapeEditorData -warnings
[2016.01.30-22.40.16:854][220]Cmd: UpdateLandscapeEditorData
[2016.01.30-22.40.31:483][709]LogSourceControl: RunCommandInternalRaw: 'git status --porcelain --ignored "C:/Users/stam0110/Desktop/New folder/MyProject/Content/gamejam/map_plan.uasset" "C:/Users/stam0110/Desktop/New folder/MyProject/Content/gamejam/map_plan_Mat.uasset" "C:/Users/stam0110/Desktop/New folder/MyProject/Content/gamejam/SpookTown.umap"'
[2016.01.30-22.40.31:509][712]LogSourceControl: RunCommandInternalRaw: ExecProcess ReturnCode=0 OutResults=''
[2016.01.30-22.41.43:441][194]LogSourceControl: RunCommandInternalRaw: 'git status --porcelain --ignored "C:/Users/stam0110/Desktop/New folder/MyProject/Content/gamejam/map_plan.uasset" "C:/Users/stam0110/Desktop/New folder/MyProject/Content/gamejam/map_plan_Mat.uasset" "C:/Users/stam0110/Desktop/New folder/MyProject/Content/gamejam/SpookTown.umap"'
[2016.01.30-22.41.43:470][196]LogSourceControl: RunCommandInternalRaw: ExecProcess ReturnCode=0 OutResults=''
[2016.01.30-22.41.45:084][344]LogSourceControl: RunCommandInternalRaw: 'git status --porcelain --ignored "C:/Users/stam0110/Desktop/New folder/MyProject/Content/gamejam/map_plan_Mat.uasset" "C:/Users/stam0110/Desktop/New folder/MyProject/Content/gamejam/SpookTown.umap"'
[2016.01.30-22.41.45:109][347]LogSourceControl: RunCommandInternalRaw: ExecProcess ReturnCode=0 OutResults=''
[2016.01.30-22.42.35:670][465]LogContentBrowser:Verbose: The content browser source was changed by the sources view to '/Game/ThirdPersonBP'
[2016.01.30-22.42.36:679][572]LogSourceControl: RunCommandInternalRaw: 'git status --porcelain --ignored "C:/Users/stam0110/Desktop/New folder/MyProject/Content/ThirdPersonBP/ThirdPersonOverview.uasset"'
[2016.01.30-22.42.36:708][575]LogSourceControl: RunCommandInternalRaw: ExecProcess ReturnCode=0 OutResults=''
[2016.01.30-22.42.37:063][615]LogContentBrowser:Verbose: The content browser source was changed by the sources view to '/Game/ThirdPersonBP/Blueprints'
[2016.01.30-22.42.38:086][695]LogSourceControl: RunCommandInternalRaw: 'git status --porcelain --ignored "C:/Users/stam0110/Desktop/New folder/MyProject/Content/ThirdPersonBP/Blueprints/NewWidgetBlueprint.uasset" "C:/Users/stam0110/Desktop/New folder/MyProject/Content/ThirdPersonBP/Blueprints/ThirdPersonCharacter.uasset" "C:/Users/stam0110/Desktop/New folder/MyProject/Content/ThirdPersonBP/Blueprints/ThirdPersonGameMode.uasset"'
[2016.01.30-22.42.38:109][697]LogSourceControl: RunCommandInternalRaw: ExecProcess ReturnCode=0 OutResults=''
[2016.01.30-22.43.21:389][234]LogActorComponent: UnregisterComponent: (/Engine/Transient.CharMoveComp) Not registered. Aborting.
[2016.01.30-22.43.21:438][234]LogSourceControl: RunCommandInternalRaw: 'git status --porcelain --ignored "C:/Users/stam0110/Desktop/New folder/MyProject/Content/ThirdPersonBP/Blueprints/ThirdPersonCharacter.uasset"'
[2016.01.30-22.43.21:468][234]LogSourceControl: RunCommandInternalRaw: ExecProcess ReturnCode=0 OutResults=''
[2016.01.30-22.43.22:018][234]LogSavePackage: Save=474.543854ms
[2016.01.30-22.43.22:018][234]LogSavePackage: Moving '../../../../../../Users/stam0110/Desktop/New folder/MyProject/Saved/ThirdPersonCharacterCC7F50644DDC4F61973B03A80AD78A1D.tmp' to '../../../../../../Users/stam0110/Desktop/New folder/MyProject/Content/ThirdPersonBP/Blueprints/ThirdPersonCharacter.uasset'
[2016.01.30-22.43.22:034][235]LogSourceControl: RunCommandInternalRaw: 'git status --porcelain --ignored "C:/Users/stam0110/Desktop/New folder/MyProject/Content/ThirdPersonBP/Blueprints/ThirdPersonCharacter.uasset"'
[2016.01.30-22.43.22:060][238]LogSourceControl: RunCommandInternalRaw: ExecProcess ReturnCode=0 OutResults=' M MyProject/Content/ThirdPersonBP/Blueprints/ThirdPersonCharacter.uasset
'
[2016.01.30-22.46.37:031][198]LogActorComponent: UnregisterComponent: (/Engine/Transient.CharMoveComp) Not registered. Aborting.
[2016.01.30-22.46.37:549][199]Cmd: QUIT_EDITOR
[2016.01.30-22.46.37:769][199]LogExit: Preparing to exit.
[2016.01.30-22.46.38:308][199]LogExit: Editor shut down
[2016.01.30-22.46.38:309][199]LogExit: Transaction tracking system shut down
[2016.01.30-22.46.38:309][199]LogParticles: Destroying 0 GPU particle simulations for FXSystem 0x000000AD1005DF80
[2016.01.30-22.46.38:309][199]LogParticles: Destroying 0 GPU particle simulations for FXSystem 0x000000AD790FCC20
[2016.01.30-22.46.38:309][199]LogParticles: Destroying 0 GPU particle simulations for FXSystem 0x000000AD2BE36520
[2016.01.30-22.46.38:310][199]LogParticles: Destroying 0 GPU particle simulations for FXSystem 0x000000AD0FEE9260
[2016.01.30-22.46.38:310][199]LogParticles: Destroying 0 GPU particle simulations for FXSystem 0x000000AD11347240
[2016.01.30-22.46.38:311][199]LogParticles: Destroying 0 GPU particle simulations for FXSystem 0x000000AD1AA156C0
[2016.01.30-22.46.38:372][199]LogExit: Object subsystem successfully closed.
[2016.01.30-22.46.38:421][199]LogModuleManager: Shutting down and abandoning module CrashTracker (177)
[2016.01.30-22.46.38:421][199]LogModuleManager: Shutting down and abandoning module SuperSearch (176)
[2016.01.30-22.46.38:421][199]LogModuleManager: Shutting down and abandoning module EditorWidgets (175)
[2016.01.30-22.46.38:421][199]LogModuleManager: Shutting down and abandoning module CollectionManager (174)
[2016.01.30-22.46.38:421][199]LogModuleManager: Shutting down and abandoning module SceneOutliner (173)
[2016.01.30-22.46.38:421][199]LogModuleManager: Shutting down and abandoning module StatsViewer (172)
[2016.01.30-22.46.38:421][199]LogModuleManager: Shutting down and abandoning module FoliageEdit (171)
[2016.01.30-22.46.38:421][199]LogModuleManager: Shutting down and abandoning module LandscapeEditor (170)
[2016.01.30-22.46.38:421][199]LogModuleManager: Shutting down and abandoning module MeshPaint (169)
[2016.01.30-22.46.38:421][199]LogModuleManager: Shutting down and abandoning module ActorPickerMode (168)
[2016.01.30-22.46.38:421][199]LogModuleManager: Shutting down and abandoning module GeometryMode (167)
[2016.01.30-22.46.38:421][199]LogModuleManager: Shutting down and abandoning module TextureAlignMode (166)
[2016.01.30-22.46.38:421][199]LogModuleManager: Shutting down and abandoning module BspMode (165)
[2016.01.30-22.46.38:421][199]LogModuleManager: Shutting down and abandoning module PlacementMode (164)
[2016.01.30-22.46.38:421][199]LogModuleManager: Shutting down and abandoning module AutomationWorker (163)
[2016.01.30-22.46.38:421][199]LogModuleManager: Shutting down and abandoning module CharacterAI (162)
[2016.01.30-22.46.38:421][199]LogModuleManager: Shutting down and abandoning module SmartSnapping (161)
[2016.01.30-22.46.38:421][199]LogModuleManager: Shutting down and abandoning module ViewportSnapping (160)
[2016.01.30-22.46.38:421][199]LogModuleManager: Shutting down and abandoning module LogVisualizer (159)
[2016.01.30-22.46.38:421][199]LogModuleManager: Shutting down and abandoning module GameProjectGeneration (158)
[2016.01.30-22.46.38:421][199]LogModuleManager: Shutting down and abandoning module IntroTutorials (157)
[2016.01.30-22.46.38:421][199]LogModuleManager: Shutting down and abandoning module EditorLiveStreaming (156)
[2016.01.30-22.46.38:421][199]LogModuleManager: Shutting down and abandoning module HardwareTargeting (155)
[2016.01.30-22.46.38:421][199]LogModuleManager: Shutting down and abandoning module DeviceProfileEditor (154)
[2016.01.30-22.46.38:421][199]LogModuleManager: Shutting down and abandoning module UndoHistory (153)
[2016.01.30-22.46.38:421][199]LogModuleManager: Shutting down and abandoning module GameplayTagsEditor (152)
[2016.01.30-22.46.38:421][199]LogModuleManager: Shutting down and abandoning module UserFeedback (151)
[2016.01.30-22.46.38:421][199]LogModuleManager: Shutting down and abandoning module XmlParser (150)
[2016.01.30-22.46.38:421][199]LogModuleManager: Shutting down and abandoning module Blutility (149)
[2016.01.30-22.46.38:421][199]LogModuleManager: Shutting down and abandoning module IOSPlatformEditor (148)
[2016.01.30-22.46.38:421][199]LogModuleManager: Shutting down and abandoning module IOSRuntimeSettings (147)
[2016.01.30-22.46.38:421][199]LogModuleManager: Shutting down and abandoning module AndroidDeviceDetection (146)
[2016.01.30-22.46.38:447][199]LogModuleManager: Shutting down and abandoning module AndroidPlatformEditor (145)
[2016.01.30-22.46.38:447][199]LogModuleManager: Shutting down and abandoning module AndroidRuntimeSettings (144)
[2016.01.30-22.46.38:447][199]LogModuleManager: Shutting down and abandoning module ProjectTargetPlatformEditor (143)
[2016.01.30-22.46.38:447][199]LogModuleManager: Shutting down and abandoning module ProjectSettingsViewer (142)
[2016.01.30-22.46.38:447][199]LogModuleManager: Shutting down and abandoning module InputBindingEditor (141)
[2016.01.30-22.46.38:447][199]LogModuleManager: Shutting down and abandoning module EditorSettingsViewer (140)
[2016.01.30-22.46.38:447][199]LogModuleManager: Shutting down and abandoning module SettingsEditor (139)
[2016.01.30-22.46.38:447][199]LogModuleManager: Shutting down and abandoning module ProjectLauncher (138)
[2016.01.30-22.46.38:447][199]LogModuleManager: Shutting down and abandoning module SessionFrontend (137)
[2016.01.30-22.46.38:447][199]LogModuleManager: Shutting down and abandoning module ProfilerClient (136)
[2016.01.30-22.46.38:447][199]LogModuleManager: Shutting down and abandoning module TargetDeviceServices (135)
[2016.01.30-22.46.38:447][199]LogModuleManager: Shutting down and abandoning module DeviceManager (134)
[2016.01.30-22.46.38:447][199]LogModuleManager: Shutting down and abandoning module AutomationController (133)
[2016.01.30-22.46.38:447][199]LogModuleManager: Shutting down and abandoning module AutomationWindow (132)
[2016.01.30-22.46.38:447][199]LogModuleManager: Shutting down and abandoning module Layers (131)
[2016.01.30-22.46.38:447][199]LogModuleManager: Shutting down and abandoning module ComponentVisualizers (130)
[2016.01.30-22.46.38:447][199]LogModuleManager: Shutting down and abandoning module DetailCustomizations (129)
[2016.01.30-22.46.38:448][199]LogModuleManager: Shutting down and abandoning module PackagesDialog (128)
[2016.01.30-22.46.38:448][199]LogModuleManager: Shutting down and abandoning module AssetRegistry (127)
[2016.01.30-22.46.38:530][199]LogModuleManager: Shutting down and abandoning module Persona (126)
[2016.01.30-22.46.38:530][199]LogModuleManager: Shutting down and abandoning module SlateReflector (125)
[2016.01.30-22.46.38:530][199]LogModuleManager: Shutting down and abandoning module LevelEditor (124)
[2016.01.30-22.46.38:531][199]LogModuleManager: Shutting down and abandoning module Kismet (123)
[2016.01.30-22.46.38:531][199]LogModuleManager: Shutting down and abandoning module GraphEditor (122)
[2016.01.30-22.46.38:531][199]LogModuleManager: Shutting down and abandoning module ClassViewer (121)
[2016.01.30-22.46.38:531][199]LogModuleManager: Shutting down and abandoning module Toolbox (120)
[2016.01.30-22.46.38:531][199]LogModuleManager: Shutting down and abandoning module ModuleUI (119)
[2016.01.30-22.46.38:531][199]LogModuleManager: Shutting down and abandoning module MovieSceneTools (118)
[2016.01.30-22.46.38:531][199]LogModuleManager: Shutting down and abandoning module OutputLog (117)
[2016.01.30-22.46.38:531][199]LogModuleManager: Shutting down and abandoning module GammaUI (116)
[2016.01.30-22.46.38:531][199]LogModuleManager: Shutting down and abandoning module Documentation (115)
[2016.01.30-22.46.38:531][199]LogModuleManager: Shutting down and abandoning module GameLiveStreaming (114)
[2016.01.30-22.46.38:531][199]LogModuleManager: Shutting down and abandoning module StreamingPauseRendering (113)
[2016.01.30-22.46.38:531][199]LogModuleManager: Shutting down and abandoning module HTTP (112)
[2016.01.30-22.46.38:531][199]LogModuleManager: Shutting down and abandoning module AnalyticsET (111)
[2016.01.30-22.46.38:531][199]LogModuleManager: Shutting down and abandoning module Analytics (110)
[2016.01.30-22.46.38:531][199]LogModuleManager: Shutting down and abandoning module AITestSuite (109)
[2016.01.30-22.46.38:531][199]LogModuleManager: Shutting down and abandoning module GameplayDebugger (108)
[2016.01.30-22.46.38:531][199]LogModuleManager: Shutting down and abandoning module AIModule (107)
[2016.01.30-22.46.38:531][199]LogModuleManager: Shutting down and abandoning module ProfilerService (106)
[2016.01.30-22.46.38:714][199]LogModuleManager: Shutting down and abandoning module TaskGraph (105)
[2016.01.30-22.46.38:714][199]LogModuleManager: Shutting down and abandoning module SlateRemote (104)
[2016.01.30-22.46.38:714][199]LogModuleManager: Shutting down and abandoning module ScriptEditorPlugin (103)
[2016.01.30-22.46.38:714][199]LogModuleManager: Shutting down and abandoning module CustomMeshComponent (102)
[2016.01.30-22.46.38:714][199]LogModuleManager: Shutting down and abandoning module CableComponent (101)
[2016.01.30-22.46.38:714][199]LogModuleManager: Shutting down and abandoning module MessagingDebugger (100)
[2016.01.30-22.46.38:714][199]LogModuleManager: Shutting down and abandoning module MediaPlayerEditor (99)
[2016.01.30-22.46.38:714][199]LogModuleManager: Shutting down and abandoning module SpeedTreeImporter (98)
[2016.01.30-22.46.38:714][199]LogModuleManager: Shutting down and abandoning module PluginsEditor (97)
[2016.01.30-22.46.38:714][199]LogModuleManager: Shutting down and abandoning module MainFrame (96)
[2016.01.30-22.46.38:714][199]LogModuleManager: Shutting down and abandoning module EpicSurvey (95)
[2016.01.30-22.46.38:714][199]LogModuleManager: Shutting down and abandoning module DesktopPlatform (94)
[2016.01.30-22.46.38:714][199]LogModuleManager: Shutting down and abandoning module DirectoryWatcher (93)
[2016.01.30-22.46.38:715][199]LogModuleManager: Shutting down and abandoning module HotReload (92)
[2016.01.30-22.46.38:715][199]LogModuleManager: Shutting down and abandoning module VisualStudioSourceCodeAccess (91)
[2016.01.30-22.46.38:715][199]LogModuleManager: Shutting down and abandoning module UObjectPlugin (90)
[2016.01.30-22.46.38:715][199]LogModuleManager: Shutting down and abandoning module SubversionSourceControl (89)
[2016.01.30-22.46.38:715][199]LogModuleManager: Shutting down and abandoning module PerforceSourceControl (88)
[2016.01.30-22.46.38:715][199]LogModuleManager: Shutting down and abandoning module SourceControl (87)
[2016.01.30-22.46.38:715][199]LogModuleManager: Shutting down and abandoning module GitSourceControl (86)
[2016.01.30-22.46.38:715][199]LogModuleManager: Shutting down and abandoning module BlankPlugin (85)
[2016.01.30-22.46.38:715][199]LogModuleManager: Shutting down and abandoning module PaperTiledImporter (84)
[2016.01.30-22.46.38:715][199]LogModuleManager: Shutting down and abandoning module PaperJsonImporter (83)
[2016.01.30-22.46.38:715][199]LogModuleManager: Shutting down and abandoning module ContentBrowser (82)
[2016.01.30-22.46.38:716][199]LogModuleManager: Shutting down and abandoning module Paper2DEditor (81)
[2016.01.30-22.46.38:716][199]LogModuleManager: Shutting down and abandoning module ScriptPlugin (80)
[2016.01.30-22.46.38:716][199]LogModuleManager: Shutting down and abandoning module UdpMessaging (79)
[2016.01.30-22.46.38:817][199]LogModuleManager: Shutting down and abandoning module Paper2D (78)
[2016.01.30-22.46.38:817][199]LogModuleManager: Shutting down and abandoning module WindowsMoviePlayer (77)
[2016.01.30-22.46.38:821][199]LogModuleManager: Shutting down and abandoning module Media (76)
[2016.01.30-22.46.38:821][199]LogModuleManager: Shutting down and abandoning module WmfMedia (75)
[2016.01.30-22.46.38:821][199]LogModuleManager: Shutting down and abandoning module OnlineBlueprintSupport (74)
[2016.01.30-22.46.38:821][199]LogModuleManager: Shutting down and abandoning module PropertyEditor (73)
[2016.01.30-22.46.38:821][199]LogModuleManager: Shutting down and abandoning module BehaviorTreeEditor (72)
[2016.01.30-22.46.38:821][199]LogModuleManager: Shutting down and abandoning module FunctionalTesting (71)
[2016.01.30-22.46.38:821][199]LogModuleManager: Shutting down and abandoning module CollisionAnalyzer (70)
[2016.01.30-22.46.38:821][199]LogModuleManager: Shutting down and abandoning module WorkspaceMenuStructure (69)
[2016.01.30-22.46.38:821][199]LogModuleManager: Shutting down and abandoning module MessageLog (68)
[2016.01.30-22.46.38:821][199]LogModuleManager: Shutting down and abandoning module Sequencer (67)
[2016.01.30-22.46.38:821][199]LogModuleManager: Shutting down and abandoning module AssetTools (66)
[2016.01.30-22.46.38:821][199]LogModuleManager: Shutting down and abandoning module UMGEditor (65)
[2016.01.30-22.46.38:821][199]LogModuleManager: Shutting down and abandoning module UMG (64)
[2016.01.30-22.46.38:821][199]LogModuleManager: Shutting down and abandoning module Slate (63)
[2016.01.30-22.46.38:821][199]LogModuleManager: Shutting down and abandoning module EditorStyle (62)
[2016.01.30-22.46.38:828][199]LogModuleManager: Shutting down and abandoning module SessionServices (61)
[2016.01.30-22.46.38:828][199]LogModuleManager: Shutting down and abandoning module SourceCodeAccess (60)
[2016.01.30-22.46.38:828][199]LogModuleManager: Shutting down and abandoning module HeadMountedDisplay (59)
[2016.01.30-22.46.38:829][199]LogModuleManager: Shutting down and abandoning module XAudio2 (58)
[2016.01.30-22.46.38:829][199]LogModuleManager: Shutting down and abandoning module Networking (56)
[2016.01.30-22.46.38:829][199]LogModuleManager: Shutting down and abandoning module Core (55)
[2016.01.30-22.46.38:829][199]LogModuleManager: Shutting down and abandoning module KismetCompiler (54)
[2016.01.30-22.46.38:829][199]LogModuleManager: Shutting down and abandoning module PhysXFormats (53)
[2016.01.30-22.46.38:829][199]LogModuleManager: Shutting down and abandoning module MeshUtilities (52)
[2016.01.30-22.46.38:829][199]LogModuleManager: Shutting down and abandoning module DerivedDataCache (51)
[2016.01.30-22.46.38:886][199]LogDerivedDataCache: Shutdown
[2016.01.30-22.46.38:886][199]LogModuleManager: Shutting down and abandoning module ShaderFormatOpenGL (50)
[2016.01.30-22.46.38:886][199]LogModuleManager: Shutting down and abandoning module ShaderFormatD3D (49)
[2016.01.30-22.46.38:886][199]LogModuleManager: Shutting down and abandoning module MetalShaderFormat (48)
[2016.01.30-22.46.38:886][199]LogModuleManager: Shutting down and abandoning module TextureFormatUncompressed (47)
[2016.01.30-22.46.38:886][199]LogModuleManager: Shutting down and abandoning module TextureFormatPVR (46)
[2016.01.30-22.46.38:886][199]LogModuleManager: Shutting down and abandoning module TextureFormatIntelISPCTexComp (45)
[2016.01.30-22.46.38:886][199]LogModuleManager: Shutting down and abandoning module TextureFormatDXT (44)
[2016.01.30-22.46.38:886][199]LogModuleManager: Shutting down and abandoning module ImageWrapper (43)
[2016.01.30-22.46.38:886][199]LogModuleManager: Shutting down and abandoning module TextureFormatASTC (42)
[2016.01.30-22.46.38:886][199]LogModuleManager: Shutting down and abandoning module TextureFormatAndroid (41)
[2016.01.30-22.46.38:886][199]LogModuleManager: Shutting down and abandoning module AudioFormatOpus (40)
[2016.01.30-22.46.38:886][199]LogModuleManager: Shutting down and abandoning module AudioFormatOgg (39)
[2016.01.30-22.46.38:886][199]LogModuleManager: Shutting down and abandoning module AudioFormatADPCM (38)
[2016.01.30-22.46.38:886][199]LogModuleManager: Shutting down and abandoning module LinuxTargetPlatform (37)
[2016.01.30-22.46.38:886][199]LogModuleManager: Shutting down and abandoning module LinuxServerTargetPlatform (36)
[2016.01.30-22.46.38:886][199]LogModuleManager: Shutting down and abandoning module LinuxNoEditorTargetPlatform (35)
[2016.01.30-22.46.38:886][199]LogModuleManager: Shutting down and abandoning module Messaging (34)
[2016.01.30-22.46.38:886][199]LogModuleManager: Shutting down and abandoning module IOSTargetPlatform (33)
[2016.01.30-22.46.38:886][199]LogModuleManager: Shutting down and abandoning module HTML5TargetPlatform (32)
[2016.01.30-22.46.38:886][199]LogModuleManager: Shutting down and abandoning module Android_PVRTCTargetPlatform (31)
[2016.01.30-22.46.38:886][199]LogModuleManager: Shutting down and abandoning module Android_ETC2TargetPlatform (30)
[2016.01.30-22.46.38:886][199]LogModuleManager: Shutting down and abandoning module Android_ETC1TargetPlatform (29)
[2016.01.30-22.46.38:886][199]LogModuleManager: Shutting down and abandoning module Android_ES31TargetPlatform (28)
[2016.01.30-22.46.38:886][199]LogModuleManager: Shutting down and abandoning module Android_DXTTargetPlatform (27)
[2016.01.30-22.46.38:887][199]LogModuleManager: Shutting down and abandoning module Android_ATCTargetPlatform (26)
[2016.01.30-22.46.38:887][199]LogModuleManager: Shutting down and abandoning module AndroidTargetPlatform (25)
[2016.01.30-22.46.38:887][199]LogModuleManager: Shutting down and abandoning module WindowsTargetPlatform (24)
[2016.01.30-22.46.38:887][199]LogModuleManager: Shutting down and abandoning module WindowsServerTargetPlatform (23)
[2016.01.30-22.46.38:887][199]LogModuleManager: Shutting down and abandoning module WindowsNoEditorTargetPlatform (22)
[2016.01.30-22.46.38:887][199]LogModuleManager: Shutting down and abandoning module WindowsClientTargetPlatform (21)
[2016.01.30-22.46.38:887][199]LogModuleManager: Shutting down and abandoning module TargetPlatform (20)
[2016.01.30-22.46.38:887][199]LogModuleManager: Shutting down and abandoning module InputCore (19)
[2016.01.30-22.46.38:887][199]LogModuleManager: Shutting down and abandoning module Settings (18)
[2016.01.30-22.46.38:887][199]LogModuleManager: Shutting down and abandoning module OnlineSubsystem (16)
[2016.01.30-22.46.38:887][199]LogModuleManager: Shutting down and abandoning module OculusRift (15)
[2016.01.30-22.46.38:887][199]LogModuleManager: Shutting down and abandoning module ExampleDeviceProfileSelector (14)
[2016.01.30-22.46.38:887][199]LogModuleManager: Shutting down and abandoning module TextureCompressor (13)
[2016.01.30-22.46.38:887][199]LogModuleManager: Shutting down and abandoning module ShaderCore (12)
[2016.01.30-22.46.38:887][199]LogModuleManager: Shutting down and abandoning module Landscape (11)
[2016.01.30-22.46.38:887][199]LogModuleManager: Shutting down and abandoning module SlateRHIRenderer (10)
[2016.01.30-22.46.38:891][199]LogModuleManager: Shutting down and abandoning module OpenGLDrv (9)
[2016.01.30-22.46.38:891][199]LogModuleManager: Shutting down and abandoning module D3D11RHI (8)
[2016.01.30-22.46.38:891][199]LogModuleManager: Shutting down and abandoning module Renderer (7)
[2016.01.30-22.46.38:891][199]LogModuleManager: Shutting down and abandoning module Engine (6)
[2016.01.30-22.46.38:891][199]LogModuleManager: Shutting down and abandoning module CoreUObject (5)
[2016.01.30-22.46.38:891][199]LogModuleManager: Shutting down and abandoning module NetworkFile (4)
[2016.01.30-22.46.38:891][199]LogModuleManager: Shutting down and abandoning module StreamingFile (3)
[2016.01.30-22.46.38:891][199]LogModuleManager: Shutting down and abandoning module SandboxFile (2)
[2016.01.30-22.46.38:891][199]LogModuleManager: Shutting down and abandoning module PakFile (1)
[2016.01.30-22.46.38:892][199]LogExit: Exiting.
[2016.01.30-22.46.38:930][199]Log file closed, 01/30/16 17:46:38
